#
# There is insufficient memory for the Java Runtime Environment to continue.
# Native memory allocation (malloc) failed to allocate 509776 bytes for Chunk::new
# Possible reasons:
#   The system is out of physical RAM or swap space
#   The process is running with CompressedOops enabled, and the Java Heap may be blocking the growth of the native heap
# Possible solutions:
#   Reduce memory load on the system
#   Increase physical memory or swap space
#   Check if swap backing store is full
#   Decrease Java heap size (-Xmx/-Xms)
#   Decrease number of Java threads
#   Decrease Java thread stack sizes (-Xss)
#   Set larger code cache with -XX:ReservedCodeCacheSize=
#   JVM is running with Unscaled Compressed Oops mode in which the Java heap is
#     placed in the first 4GB address space. The Java Heap base address is the
#     maximum limit for the native heap growth. Please use -XX:HeapBaseMinAddress
#     to set the Java Heap base and to place the Java Heap above 4GB virtual address.
# This output file may be truncated or incomplete.
#
#  Out of Memory Error (t:/workspace/hotspot/src/share/vm/memory/allocation.cpp:372), pid=57816, tid=52948
#
# JRE version: Java(TM) SE Runtime Environment (9.0+11) (build 9.0.1+11)
# Java VM: Java HotSpot(TM) 64-Bit Server VM (9.0.1+11, mixed mode, tiered, compressed oops, g1 gc, windows-amd64)
# No core dump will be written. Minidumps are not enabled by default on client versions of Windows
#

---------------  S U M M A R Y ------------

Command Line: -XX:MaxMetaspaceSize=256m -XX:+HeapDumpOnOutOfMemoryError -agentlib:jdwp=transport=dt_socket,server=n,suspend=y,address=127.0.0.1:60460 --add-opens=java.base/java.util=ALL-UNNAMED --add-opens=java.base/java.lang=ALL-UNNAMED --add-opens=java.base/java.lang.invoke=ALL-UNNAMED --add-opens=java.prefs/java.util.prefs=ALL-UNNAMED -Xms256m -Xmx512m -Dfile.encoding=windows-1252 -Duser.country=IN -Duser.language=en -Duser.variant org.gradle.launcher.daemon.bootstrap.GradleDaemon 6.4.1

Host: Intel(R) Core(TM) i3-8130U CPU @ 2.20GHz, 4 cores, 3G,  Windows 10 , 64 bit Build 19041 (10.0.19041.207)
Time: Tue Aug 04 18:17:49 2020 India Standard Time elapsed time: 52 seconds (0d 0h 0m 52s)

---------------  T H R E A D  ---------------

Current thread (0x0000026445d4f000):  JavaThread "C2 CompilerThread0" daemon [_thread_in_native, id=52948, stack(0x000000c91ba00000,0x000000c91bb00000)]


Current CompileTask:
C2:  52692 7176   !   4       java.util.concurrent.ConcurrentHashMap::putVal (432 bytes)

Stack: [0x000000c91ba00000,0x000000c91bb00000]
Native frames: (J=compiled Java code, j=interpreted, Vv=VM code, C=native code)
V  [jvm.dll+0x5870b8]
V  [jvm.dll+0x69c0ee]
V  [jvm.dll+0x69d00a]
V  [jvm.dll+0x69d643]
V  [jvm.dll+0x21d148]
V  [jvm.dll+0xa7c6c]
V  [jvm.dll+0xa85ac]
V  [jvm.dll+0x320eac]
V  [jvm.dll+0x2e78ca]
V  [jvm.dll+0x2e6e5a]
V  [jvm.dll+0x1e99c1]
V  [jvm.dll+0x1e8c66]
V  [jvm.dll+0x1691bb]
V  [jvm.dll+0x1f64f0]
V  [jvm.dll+0x1f5176]
V  [jvm.dll+0x66b2df]
V  [jvm.dll+0x5864e0]
C  [msvcr120.dll+0x24f7f]
C  [msvcr120.dll+0x25126]
C  [KERNEL32.DLL+0x16fd4]
C  [ntdll.dll+0x4cec1]


---------------  P R O C E S S  ---------------

Java Threads: ( => current thread )
  0x0000026445f90800 JavaThread "Cache worker for execution history cache (D:\Project-27-7-2020\BankApplication\.gradle\6.4.1\executionHistory)" [_thread_blocked, id=46528, stack(0x000000c91e400000,0x000000c91e500000)]
  0x0000026445f8b800 JavaThread "Execution worker for ':' Thread 3" [_thread_blocked, id=57908, stack(0x000000c91e300000,0x000000c91e400000)]
  0x0000026445f8e800 JavaThread "Execution worker for ':' Thread 2" [_thread_blocked, id=54704, stack(0x000000c91e200000,0x000000c91e300000)]
  0x0000026445f8d800 JavaThread "Execution worker for ':'" [_thread_in_Java, id=47776, stack(0x000000c91e100000,0x000000c91e200000)]
  0x0000026445f8a800 JavaThread "Cache worker for file content cache (D:\Project-27-7-2020\BankApplication\.gradle\6.4.1\fileContent)" [_thread_blocked, id=56140, stack(0x000000c91e000000,0x000000c91e100000)]
  0x0000026445f8d000 JavaThread "Memory manager" [_thread_blocked, id=58320, stack(0x000000c91df00000,0x000000c91e000000)]
  0x0000026445f8c000 JavaThread "Cache worker for Build Output Cleanup Cache (D:\Project-27-7-2020\BankApplication\.gradle\buildOutputCleanup)" [_thread_blocked, id=56072, stack(0x000000c91de00000,0x000000c91df00000)]
  0x0000026445f88000 JavaThread "Build operations Thread 4" [_thread_blocked, id=48204, stack(0x000000c91dd00000,0x000000c91de00000)]
  0x0000026445f86000 JavaThread "Build operations Thread 3" [_thread_blocked, id=56132, stack(0x000000c91dc00000,0x000000c91dd00000)]
  0x0000026445f85000 JavaThread "Build operations Thread 2" [_thread_blocked, id=58096, stack(0x000000c91db00000,0x000000c91dc00000)]
  0x0000026445f87800 JavaThread "Build operations" [_thread_blocked, id=23276, stack(0x000000c91da00000,0x000000c91db00000)]
  0x0000026445f83000 JavaThread "Cache worker for file content cache (C:\Users\sbejjanki\.gradle\caches\6.4.1\fileContent)" [_thread_blocked, id=30560, stack(0x000000c91d900000,0x000000c91da00000)]
  0x0000026445f83800 JavaThread "Cache worker for execution history cache (C:\Users\sbejjanki\.gradle\caches\6.4.1\executionHistory)" [_thread_blocked, id=58144, stack(0x000000c91d800000,0x000000c91d900000)]
  0x0000026447316800 JavaThread "Cache worker for cache directory md-rule (C:\Users\sbejjanki\.gradle\caches\6.4.1\md-rule)" [_thread_blocked, id=57876, stack(0x000000c91d700000,0x000000c91d800000)]
  0x000002644731a800 JavaThread "Cache worker for cache directory md-supplier (C:\Users\sbejjanki\.gradle\caches\6.4.1\md-supplier)" [_thread_blocked, id=57896, stack(0x000000c91d600000,0x000000c91d700000)]
  0x0000026447316000 JavaThread "Cache worker for checksums cache (D:\Project-27-7-2020\BankApplication\.gradle\checksums)" [_thread_blocked, id=56024, stack(0x000000c91d500000,0x000000c91d600000)]
  0x0000026447319800 JavaThread "Cache worker for file hash cache (D:\Project-27-7-2020\BankApplication\.gradle\6.4.1\fileHashes)" [_thread_blocked, id=57644, stack(0x000000c91d400000,0x000000c91d500000)]
  0x0000026447319000 JavaThread "File watcher consumer" daemon [_thread_blocked, id=57488, stack(0x000000c91d300000,0x000000c91d400000)]
  0x0000026447315000 JavaThread "Cache worker for file hash cache (C:\Users\sbejjanki\.gradle\caches\6.4.1\fileHashes)" [_thread_blocked, id=45428, stack(0x000000c91d200000,0x000000c91d300000)]
  0x0000026447318000 JavaThread "File lock request listener" [_thread_in_native, id=47208, stack(0x000000c91d100000,0x000000c91d200000)]
  0x0000026447317800 JavaThread "Cache worker for journal cache (C:\Users\sbejjanki\.gradle\caches\journal-1)" [_thread_blocked, id=57612, stack(0x000000c91d000000,0x000000c91d100000)]
  0x0000026447313800 JavaThread "Thread-8" [_thread_blocked, id=55900, stack(0x000000c91cf00000,0x000000c91d000000)]
  0x000002644694e000 JavaThread "Stdin handler" [_thread_blocked, id=51356, stack(0x000000c91ce00000,0x000000c91cf00000)]
  0x00000264460f5800 JavaThread "Asynchronous log dispatcher for DefaultDaemonConnection: socket connection from /127.0.0.1:60467 to /127.0.0.1:60469" [_thread_blocked, id=51312, stack(0x000000c91cd00000,0x000000c91ce00000)]
  0x00000264460f4800 JavaThread "Daemon worker" [_thread_blocked, id=40016, stack(0x000000c91cc00000,0x000000c91cd00000)]
  0x0000026447ab6000 JavaThread "Cancel handler" [_thread_blocked, id=54740, stack(0x000000c91cb00000,0x000000c91cc00000)]
  0x0000026446260000 JavaThread "Handler for socket connection from /127.0.0.1:60467 to /127.0.0.1:60469" [_thread_in_native, id=55448, stack(0x000000c91ca00000,0x000000c91cb00000)]
  0x00000264472fa000 JavaThread "Daemon" [_thread_blocked, id=57000, stack(0x000000c91c900000,0x000000c91ca00000)]
  0x0000026446fec000 JavaThread "Daemon periodic checks" [_thread_blocked, id=56500, stack(0x000000c91c800000,0x000000c91c900000)]
  0x0000026447332800 JavaThread "Incoming local TCP Connector on port 60467" [_thread_in_native, id=52864, stack(0x000000c91c700000,0x000000c91c800000)]
  0x0000026447682000 JavaThread "Daemon health stats" [_thread_blocked, id=36296, stack(0x000000c91c400000,0x000000c91c500000)]
  0x0000026446070000 JavaThread "Service Thread" daemon [_thread_blocked, id=58364, stack(0x000000c91c200000,0x000000c91c300000)]
  0x0000026446059800 JavaThread "JDWP Command Reader" daemon [_thread_in_native, id=57916, stack(0x000000c91c100000,0x000000c91c200000)]
  0x0000026446050800 JavaThread "JDWP Event Helper Thread" daemon [_thread_blocked, id=57628, stack(0x000000c91c000000,0x000000c91c100000)]
  0x0000026446042800 JavaThread "JDWP Transport Listener: dt_socket" daemon [_thread_blocked, id=57884, stack(0x000000c91bf00000,0x000000c91c000000)]
  0x0000026445de8800 JavaThread "Common-Cleaner" daemon [_thread_blocked, id=55948, stack(0x000000c91be00000,0x000000c91bf00000)]
  0x0000026445d7c800 JavaThread "Sweeper thread" daemon [_thread_blocked, id=24208, stack(0x000000c91bd00000,0x000000c91be00000)]
  0x0000026445d57800 JavaThread "C1 CompilerThread2" daemon [_thread_blocked, id=57668, stack(0x000000c91bc00000,0x000000c91bd00000)]
  0x0000026445d57000 JavaThread "C2 CompilerThread1" daemon [_thread_in_native, id=58232, stack(0x000000c91bb00000,0x000000c91bc00000)]
=>0x0000026445d4f000 JavaThread "C2 CompilerThread0" daemon [_thread_in_native, id=52948, stack(0x000000c91ba00000,0x000000c91bb00000)]
  0x0000026445d49800 JavaThread "Attach Listener" daemon [_thread_blocked, id=57832, stack(0x000000c91b900000,0x000000c91ba00000)]
  0x0000026445d46800 JavaThread "Signal Dispatcher" daemon [_thread_blocked, id=56516, stack(0x000000c91b800000,0x000000c91b900000)]
  0x0000026445ce6000 JavaThread "Finalizer" daemon [_thread_blocked, id=55888, stack(0x000000c91b700000,0x000000c91b800000)]
  0x0000026445cee800 JavaThread "Reference Handler" daemon [_thread_blocked, id=58164, stack(0x000000c91b600000,0x000000c91b700000)]
  0x000002642646f800 JavaThread "main" [_thread_blocked, id=55484, stack(0x000000c91a900000,0x000000c91aa00000)]

Other Threads:
  0x0000026445cdb000 VMThread "VM Thread" [stack: 0x000000c91b500000,0x000000c91b600000] [id=35288]
  0x0000026446071800 WatcherThread [stack: 0x000000c91c300000,0x000000c91c400000] [id=56576]
  0x0000026426488800 GCTaskThread "GC Thread#0" [stack: 0x000000c91aa00000,0x000000c91ab00000] [id=58056]
  0x0000026426489800 GCTaskThread "GC Thread#1" [stack: 0x000000c91ab00000,0x000000c91ac00000] [id=48404]
  0x000002642648c000 GCTaskThread "GC Thread#2" [stack: 0x000000c91ac00000,0x000000c91ad00000] [id=58148]
  0x000002642648f000 GCTaskThread "GC Thread#3" [stack: 0x000000c91ad00000,0x000000c91ae00000] [id=34616]
  0x00000264264bb800 ConcurrentGCThread "G1 Main Marker" [stack: 0x000000c91b300000,0x000000c91b400000] [id=58128]
  0x00000264264bd000 ConcurrentGCThread "G1 Marker#0" [stack: 0x000000c91b400000,0x000000c91b500000] [id=28296]
  0x000002642649c800 ConcurrentGCThread "G1 Refine#0" [stack: 0x000000c91b100000,0x000000c91b200000] [id=57764]
  0x000002642649b000 ConcurrentGCThread "G1 Refine#1" [stack: 0x000000c91b000000,0x000000c91b100000] [id=9468]
  0x0000026426492000 ConcurrentGCThread "G1 Refine#2" [stack: 0x000000c91af00000,0x000000c91b000000] [id=55672]
  0x0000026426490800 ConcurrentGCThread "G1 Refine#3" [stack: 0x000000c91ae00000,0x000000c91af00000] [id=55468]
  0x000002642649d800 ConcurrentGCThread "G1 Young RemSet Sampling" [stack: 0x000000c91b200000,0x000000c91b300000] [id=51256]

Threads with active compile tasks:
C2 CompilerThread17179   !   4       io.spring.gradle.dependencymanagement.org.codehaus.plexus.interpolation.StringSearchInterpolator::interpolate (665 bytes)
C2 CompilerThread07176   !   4       java.util.concurrent.ConcurrentHashMap::putVal (432 bytes)

VM state:not at safepoint (normal execution)

VM Mutex/Monitor currently owned by a thread: None

Heap address: 0x00000000e0000000, size: 512 MB, Compressed Oops mode: 32-bit
Narrow klass base: 0x0000000000000000, Narrow klass shift: 3
Compressed class space size: 1073741824 Address: 0x0000000100000000

Heap:
 garbage-first heap   total 262144K, used 132565K [0x00000000e0000000, 0x00000000e0100800, 0x0000000100000000)
  region size 1024K, 101 young (103424K), 4 survivors (4096K)
 Metaspace       used 54792K, capacity 57556K, committed 57728K, reserved 1099776K
  class space    used 6939K, capacity 7454K, committed 7552K, reserved 1048576K
Heap Regions: E=young(eden), S=young(survivor), O=old, HS=humongous(starts), HC=humongous(continues), CS=collection set, F=free, A=archive, TS=gc time stamp, AC=allocation context, TAMS=top-at-mark-start (previous, next)
|   0|0x00000000e0000000, 0x00000000e0100000, 0x00000000e0100000|100%| O|  |TS  0|AC  0|TAMS 0x00000000e0100000, 0x00000000e0100000|
|   1|0x00000000e0100000, 0x00000000e0200000, 0x00000000e0200000|100%| O|  |TS  0|AC  0|TAMS 0x00000000e0200000, 0x00000000e0200000|
|   2|0x00000000e0200000, 0x00000000e0300000, 0x00000000e0300000|100%| O|  |TS  0|AC  0|TAMS 0x00000000e0300000, 0x00000000e0300000|
|   3|0x00000000e0300000, 0x00000000e0400000, 0x00000000e0400000|100%|HS|  |TS  0|AC  0|TAMS 0x00000000e0400000, 0x00000000e0400000|
|   4|0x00000000e0400000, 0x00000000e0500000, 0x00000000e0500000|100%|HC|  |TS  0|AC  0|TAMS 0x00000000e0500000, 0x00000000e0500000|
|   5|0x00000000e0500000, 0x00000000e0600000, 0x00000000e0600000|100%|HC|  |TS  0|AC  0|TAMS 0x00000000e0600000, 0x00000000e0600000|
|   6|0x00000000e0600000, 0x00000000e0700000, 0x00000000e0700000|100%| O|  |TS  0|AC  0|TAMS 0x00000000e0700000, 0x00000000e0700000|
|   7|0x00000000e0700000, 0x00000000e0800000, 0x00000000e0800000|100%| O|  |TS  0|AC  0|TAMS 0x00000000e0800000, 0x00000000e0800000|
|   8|0x00000000e0800000, 0x00000000e0900000, 0x00000000e0900000|100%| O|  |TS  0|AC  0|TAMS 0x00000000e0900000, 0x00000000e0900000|
|   9|0x00000000e0900000, 0x00000000e0a00000, 0x00000000e0a00000|100%| O|  |TS  0|AC  0|TAMS 0x00000000e0a00000, 0x00000000e0a00000|
|  10|0x00000000e0a00000, 0x00000000e0b00000, 0x00000000e0b00000|100%| O|  |TS  0|AC  0|TAMS 0x00000000e0b00000, 0x00000000e0b00000|
|  11|0x00000000e0b00000, 0x00000000e0c00000, 0x00000000e0c00000|100%| O|  |TS  0|AC  0|TAMS 0x00000000e0c00000, 0x00000000e0c00000|
|  12|0x00000000e0c00000, 0x00000000e0d00000, 0x00000000e0d00000|100%| O|  |TS  0|AC  0|TAMS 0x00000000e0d00000, 0x00000000e0d00000|
|  13|0x00000000e0d00000, 0x00000000e0e00000, 0x00000000e0e00000|100%| O|  |TS  0|AC  0|TAMS 0x00000000e0e00000, 0x00000000e0e00000|
|  14|0x00000000e0e00000, 0x00000000e0f00000, 0x00000000e0f00000|100%| O|  |TS  0|AC  0|TAMS 0x00000000e0f00000, 0x00000000e0f00000|
|  15|0x00000000e0f00000, 0x00000000e1000000, 0x00000000e1000000|100%| O|  |TS  1|AC  0|TAMS 0x00000000e0ff2a00, 0x00000000e0ff2a00|
|  16|0x00000000e1000000, 0x00000000e1100000, 0x00000000e1100000|100%| O|  |TS  5|AC  0|TAMS 0x00000000e1000000, 0x00000000e1000000|
|  17|0x00000000e1100000, 0x00000000e1200000, 0x00000000e1200000|100%| O|  |TS  5|AC  0|TAMS 0x00000000e1100000, 0x00000000e1100000|
|  18|0x00000000e1200000, 0x00000000e1300000, 0x00000000e1300000|100%| O|  |TS  5|AC  0|TAMS 0x00000000e1200000, 0x00000000e1200000|
|  19|0x00000000e1300000, 0x00000000e1400000, 0x00000000e1400000|100%| O|  |TS  1|AC  0|TAMS 0x00000000e1300000, 0x00000000e1300000|
|  20|0x00000000e1400000, 0x00000000e1500000, 0x00000000e1500000|100%| O|  |TS  1|AC  0|TAMS 0x00000000e1400000, 0x00000000e1400000|
|  21|0x00000000e1500000, 0x00000000e1600000, 0x00000000e1600000|100%| O|  |TS  1|AC  0|TAMS 0x00000000e1500000, 0x00000000e1500000|
|  22|0x00000000e1600000, 0x00000000e1700000, 0x00000000e1700000|100%| O|  |TS  1|AC  0|TAMS 0x00000000e1600000, 0x00000000e1600000|
|  23|0x00000000e1700000, 0x00000000e1800000, 0x00000000e1800000|100%| O|  |TS  5|AC  0|TAMS 0x00000000e1700000, 0x00000000e1700000|
|  24|0x00000000e1800000, 0x00000000e1900000, 0x00000000e1900000|100%| O|  |TS  5|AC  0|TAMS 0x00000000e1800000, 0x00000000e1800000|
|  25|0x00000000e1900000, 0x00000000e1a00000, 0x00000000e1a00000|100%| O|  |TS  5|AC  0|TAMS 0x00000000e1900000, 0x00000000e1900000|
|  26|0x00000000e1a00000, 0x00000000e1b00000, 0x00000000e1b00000|100%| O|  |TS  5|AC  0|TAMS 0x00000000e1a00000, 0x00000000e1a00000|
|  27|0x00000000e1b00000, 0x00000000e1c00000, 0x00000000e1c00000|100%| O|  |TS  5|AC  0|TAMS 0x00000000e1b00000, 0x00000000e1b00000|
|  28|0x00000000e1c00000, 0x00000000e1d00000, 0x00000000e1d00000|100%| O|  |TS  5|AC  0|TAMS 0x00000000e1c00000, 0x00000000e1c00000|
|  29|0x00000000e1d00000, 0x00000000e1d75400, 0x00000000e1e00000| 45%| O|  |TS  5|AC  0|TAMS 0x00000000e1d00000, 0x00000000e1d00000|
|  30|0x00000000e1e00000, 0x00000000e1e00000, 0x00000000e1f00000|  0%| F|  |TS  0|AC  0|TAMS 0x00000000e1e00000, 0x00000000e1e00000|
|  31|0x00000000e1f00000, 0x00000000e1f00000, 0x00000000e2000000|  0%| F|  |TS  0|AC  0|TAMS 0x00000000e1f00000, 0x00000000e1f00000|
|  32|0x00000000e2000000, 0x00000000e2000000, 0x00000000e2100000|  0%| F|  |TS  0|AC  0|TAMS 0x00000000e2000000, 0x00000000e2000000|
|  33|0x00000000e2100000, 0x00000000e2100000, 0x00000000e2200000|  0%| F|  |TS  0|AC  0|TAMS 0x00000000e2100000, 0x00000000e2100000|
|  34|0x00000000e2200000, 0x00000000e2200000, 0x00000000e2300000|  0%| F|  |TS  0|AC  0|TAMS 0x00000000e2200000, 0x00000000e2200000|
|  35|0x00000000e2300000, 0x00000000e2300000, 0x00000000e2400000|  0%| F|  |TS  0|AC  0|TAMS 0x00000000e2300000, 0x00000000e2300000|
|  36|0x00000000e2400000, 0x00000000e2400000, 0x00000000e2500000|  0%| F|  |TS  0|AC  0|TAMS 0x00000000e2400000, 0x00000000e2400000|
|  37|0x00000000e2500000, 0x00000000e2500000, 0x00000000e2600000|  0%| F|  |TS  0|AC  0|TAMS 0x00000000e2500000, 0x00000000e2500000|
|  38|0x00000000e2600000, 0x00000000e2600000, 0x00000000e2700000|  0%| F|  |TS  0|AC  0|TAMS 0x00000000e2600000, 0x00000000e2600000|
|  39|0x00000000e2700000, 0x00000000e2700000, 0x00000000e2800000|  0%| F|  |TS  0|AC  0|TAMS 0x00000000e2700000, 0x00000000e2700000|
|  40|0x00000000e2800000, 0x00000000e2800000, 0x00000000e2900000|  0%| F|  |TS  0|AC  0|TAMS 0x00000000e2800000, 0x00000000e2800000|
|  41|0x00000000e2900000, 0x00000000e2900000, 0x00000000e2a00000|  0%| F|  |TS  0|AC  0|TAMS 0x00000000e2900000, 0x00000000e2900000|
|  42|0x00000000e2a00000, 0x00000000e2a00000, 0x00000000e2b00000|  0%| F|  |TS  0|AC  0|TAMS 0x00000000e2a00000, 0x00000000e2a00000|
|  43|0x00000000e2b00000, 0x00000000e2b00000, 0x00000000e2c00000|  0%| F|  |TS  0|AC  0|TAMS 0x00000000e2b00000, 0x00000000e2b00000|
|  44|0x00000000e2c00000, 0x00000000e2c00000, 0x00000000e2d00000|  0%| F|  |TS  0|AC  0|TAMS 0x00000000e2c00000, 0x00000000e2c00000|
|  45|0x00000000e2d00000, 0x00000000e2d00000, 0x00000000e2e00000|  0%| F|  |TS  0|AC  0|TAMS 0x00000000e2d00000, 0x00000000e2d00000|
|  46|0x00000000e2e00000, 0x00000000e2e00000, 0x00000000e2f00000|  0%| F|  |TS  0|AC  0|TAMS 0x00000000e2e00000, 0x00000000e2e00000|
|  47|0x00000000e2f00000, 0x00000000e2f00000, 0x00000000e3000000|  0%| F|  |TS  0|AC  0|TAMS 0x00000000e2f00000, 0x00000000e2f00000|
|  48|0x00000000e3000000, 0x00000000e3000000, 0x00000000e3100000|  0%| F|  |TS  0|AC  0|TAMS 0x00000000e3000000, 0x00000000e3000000|
|  49|0x00000000e3100000, 0x00000000e3100000, 0x00000000e3200000|  0%| F|  |TS  0|AC  0|TAMS 0x00000000e3100000, 0x00000000e3100000|
|  50|0x00000000e3200000, 0x00000000e3200000, 0x00000000e3300000|  0%| F|  |TS  0|AC  0|TAMS 0x00000000e3200000, 0x00000000e3200000|
|  51|0x00000000e3300000, 0x00000000e3300000, 0x00000000e3400000|  0%| F|  |TS  0|AC  0|TAMS 0x00000000e3300000, 0x00000000e3300000|
|  52|0x00000000e3400000, 0x00000000e3400000, 0x00000000e3500000|  0%| F|  |TS  0|AC  0|TAMS 0x00000000e3400000, 0x00000000e3400000|
|  53|0x00000000e3500000, 0x00000000e3500000, 0x00000000e3600000|  0%| F|  |TS  0|AC  0|TAMS 0x00000000e3500000, 0x00000000e3500000|
|  54|0x00000000e3600000, 0x00000000e3600000, 0x00000000e3700000|  0%| F|  |TS  0|AC  0|TAMS 0x00000000e3600000, 0x00000000e3600000|
|  55|0x00000000e3700000, 0x00000000e3700000, 0x00000000e3800000|  0%| F|  |TS  0|AC  0|TAMS 0x00000000e3700000, 0x00000000e3700000|
|  56|0x00000000e3800000, 0x00000000e3800000, 0x00000000e3900000|  0%| F|  |TS  0|AC  0|TAMS 0x00000000e3800000, 0x00000000e3800000|
|  57|0x00000000e3900000, 0x00000000e3900000, 0x00000000e3a00000|  0%| F|  |TS  0|AC  0|TAMS 0x00000000e3900000, 0x00000000e3900000|
|  58|0x00000000e3a00000, 0x00000000e3a00000, 0x00000000e3b00000|  0%| F|  |TS  0|AC  0|TAMS 0x00000000e3a00000, 0x00000000e3a00000|
|  59|0x00000000e3b00000, 0x00000000e3b00000, 0x00000000e3c00000|  0%| F|  |TS  0|AC  0|TAMS 0x00000000e3b00000, 0x00000000e3b00000|
|  60|0x00000000e3c00000, 0x00000000e3c00000, 0x00000000e3d00000|  0%| F|  |TS  0|AC  0|TAMS 0x00000000e3c00000, 0x00000000e3c00000|
|  61|0x00000000e3d00000, 0x00000000e3d00000, 0x00000000e3e00000|  0%| F|  |TS  0|AC  0|TAMS 0x00000000e3d00000, 0x00000000e3d00000|
|  62|0x00000000e3e00000, 0x00000000e3e00000, 0x00000000e3f00000|  0%| F|  |TS  0|AC  0|TAMS 0x00000000e3e00000, 0x00000000e3e00000|
|  63|0x00000000e3f00000, 0x00000000e3f00000, 0x00000000e4000000|  0%| F|  |TS  0|AC  0|TAMS 0x00000000e3f00000, 0x00000000e3f00000|
|  64|0x00000000e4000000, 0x00000000e4000000, 0x00000000e4100000|  0%| F|  |TS  0|AC  0|TAMS 0x00000000e4000000, 0x00000000e4000000|
|  65|0x00000000e4100000, 0x00000000e4100000, 0x00000000e4200000|  0%| F|  |TS  0|AC  0|TAMS 0x00000000e4100000, 0x00000000e4100000|
|  66|0x00000000e4200000, 0x00000000e4200000, 0x00000000e4300000|  0%| F|  |TS  0|AC  0|TAMS 0x00000000e4200000, 0x00000000e4200000|
|  67|0x00000000e4300000, 0x00000000e4300000, 0x00000000e4400000|  0%| F|  |TS  0|AC  0|TAMS 0x00000000e4300000, 0x00000000e4300000|
|  68|0x00000000e4400000, 0x00000000e4400000, 0x00000000e4500000|  0%| F|  |TS  0|AC  0|TAMS 0x00000000e4400000, 0x00000000e4400000|
|  69|0x00000000e4500000, 0x00000000e4500000, 0x00000000e4600000|  0%| F|  |TS  0|AC  0|TAMS 0x00000000e4500000, 0x00000000e4500000|
|  70|0x00000000e4600000, 0x00000000e4600000, 0x00000000e4700000|  0%| F|  |TS  0|AC  0|TAMS 0x00000000e4600000, 0x00000000e4600000|
|  71|0x00000000e4700000, 0x00000000e4700000, 0x00000000e4800000|  0%| F|  |TS  0|AC  0|TAMS 0x00000000e4700000, 0x00000000e4700000|
|  72|0x00000000e4800000, 0x00000000e4800000, 0x00000000e4900000|  0%| F|  |TS  0|AC  0|TAMS 0x00000000e4800000, 0x00000000e4800000|
|  73|0x00000000e4900000, 0x00000000e4900000, 0x00000000e4a00000|  0%| F|  |TS  0|AC  0|TAMS 0x00000000e4900000, 0x00000000e4900000|
|  74|0x00000000e4a00000, 0x00000000e4a00000, 0x00000000e4b00000|  0%| F|  |TS  0|AC  0|TAMS 0x00000000e4a00000, 0x00000000e4a00000|
|  75|0x00000000e4b00000, 0x00000000e4b00000, 0x00000000e4c00000|  0%| F|  |TS  0|AC  0|TAMS 0x00000000e4b00000, 0x00000000e4b00000|
|  76|0x00000000e4c00000, 0x00000000e4c00000, 0x00000000e4d00000|  0%| F|  |TS  0|AC  0|TAMS 0x00000000e4c00000, 0x00000000e4c00000|
|  77|0x00000000e4d00000, 0x00000000e4d00000, 0x00000000e4e00000|  0%| F|  |TS  0|AC  0|TAMS 0x00000000e4d00000, 0x00000000e4d00000|
|  78|0x00000000e4e00000, 0x00000000e4e00000, 0x00000000e4f00000|  0%| F|  |TS  0|AC  0|TAMS 0x00000000e4e00000, 0x00000000e4e00000|
|  79|0x00000000e4f00000, 0x00000000e4f00000, 0x00000000e5000000|  0%| F|  |TS  0|AC  0|TAMS 0x00000000e4f00000, 0x00000000e4f00000|
|  80|0x00000000e5000000, 0x00000000e5000000, 0x00000000e5100000|  0%| F|  |TS  0|AC  0|TAMS 0x00000000e5000000, 0x00000000e5000000|
|  81|0x00000000e5100000, 0x00000000e5100000, 0x00000000e5200000|  0%| F|  |TS  0|AC  0|TAMS 0x00000000e5100000, 0x00000000e5100000|
|  82|0x00000000e5200000, 0x00000000e5200000, 0x00000000e5300000|  0%| F|  |TS  0|AC  0|TAMS 0x00000000e5200000, 0x00000000e5200000|
|  83|0x00000000e5300000, 0x00000000e5300000, 0x00000000e5400000|  0%| F|  |TS  0|AC  0|TAMS 0x00000000e5300000, 0x00000000e5300000|
|  84|0x00000000e5400000, 0x00000000e5400000, 0x00000000e5500000|  0%| F|  |TS  0|AC  0|TAMS 0x00000000e5400000, 0x00000000e5400000|
|  85|0x00000000e5500000, 0x00000000e5500000, 0x00000000e5600000|  0%| F|  |TS  0|AC  0|TAMS 0x00000000e5500000, 0x00000000e5500000|
|  86|0x00000000e5600000, 0x00000000e5600000, 0x00000000e5700000|  0%| F|  |TS  0|AC  0|TAMS 0x00000000e5600000, 0x00000000e5600000|
|  87|0x00000000e5700000, 0x00000000e5700000, 0x00000000e5800000|  0%| F|  |TS  0|AC  0|TAMS 0x00000000e5700000, 0x00000000e5700000|
|  88|0x00000000e5800000, 0x00000000e5800000, 0x00000000e5900000|  0%| F|  |TS  5|AC  0|TAMS 0x00000000e5800000, 0x00000000e5800000|
|  89|0x00000000e5900000, 0x00000000e5900000, 0x00000000e5a00000|  0%| F|  |TS  5|AC  0|TAMS 0x00000000e5900000, 0x00000000e5900000|
|  90|0x00000000e5a00000, 0x00000000e5a00000, 0x00000000e5b00000|  0%| F|  |TS  5|AC  0|TAMS 0x00000000e5a00000, 0x00000000e5a00000|
|  91|0x00000000e5b00000, 0x00000000e5b00000, 0x00000000e5c00000|  0%| F|  |TS  5|AC  0|TAMS 0x00000000e5b00000, 0x00000000e5b00000|
|  92|0x00000000e5c00000, 0x00000000e5c00000, 0x00000000e5d00000|  0%| F|  |TS  5|AC  0|TAMS 0x00000000e5c00000, 0x00000000e5c00000|
|  93|0x00000000e5d00000, 0x00000000e5d00000, 0x00000000e5e00000|  0%| F|  |TS  5|AC  0|TAMS 0x00000000e5d00000, 0x00000000e5d00000|
|  94|0x00000000e5e00000, 0x00000000e5e00000, 0x00000000e5f00000|  0%| F|  |TS  5|AC  0|TAMS 0x00000000e5e00000, 0x00000000e5e00000|
|  95|0x00000000e5f00000, 0x00000000e5f00000, 0x00000000e6000000|  0%| F|  |TS  5|AC  0|TAMS 0x00000000e5f00000, 0x00000000e5f00000|
|  96|0x00000000e6000000, 0x00000000e6000000, 0x00000000e6100000|  0%| F|  |TS  5|AC  0|TAMS 0x00000000e6000000, 0x00000000e6000000|
|  97|0x00000000e6100000, 0x00000000e6100000, 0x00000000e6200000|  0%| F|  |TS  5|AC  0|TAMS 0x00000000e6100000, 0x00000000e6100000|
|  98|0x00000000e6200000, 0x00000000e6200000, 0x00000000e6300000|  0%| F|  |TS  5|AC  0|TAMS 0x00000000e6200000, 0x00000000e6200000|
|  99|0x00000000e6300000, 0x00000000e6300000, 0x00000000e6400000|  0%| F|  |TS  5|AC  0|TAMS 0x00000000e6300000, 0x00000000e6300000|
| 100|0x00000000e6400000, 0x00000000e6400000, 0x00000000e6500000|  0%| F|  |TS  5|AC  0|TAMS 0x00000000e6400000, 0x00000000e6400000|
| 101|0x00000000e6500000, 0x00000000e6500000, 0x00000000e6600000|  0%| F|  |TS  5|AC  0|TAMS 0x00000000e6500000, 0x00000000e6500000|
| 102|0x00000000e6600000, 0x00000000e6600000, 0x00000000e6700000|  0%| F|  |TS  5|AC  0|TAMS 0x00000000e6600000, 0x00000000e6600000|
| 103|0x00000000e6700000, 0x00000000e6700000, 0x00000000e6800000|  0%| F|  |TS  3|AC  0|TAMS 0x00000000e6700000, 0x00000000e6700000|
| 104|0x00000000e6800000, 0x00000000e6800000, 0x00000000e6900000|  0%| F|  |TS  3|AC  0|TAMS 0x00000000e6800000, 0x00000000e6800000|
| 105|0x00000000e6900000, 0x00000000e6900000, 0x00000000e6a00000|  0%| F|  |TS  3|AC  0|TAMS 0x00000000e6900000, 0x00000000e6900000|
| 106|0x00000000e6a00000, 0x00000000e6a00000, 0x00000000e6b00000|  0%| F|  |TS  3|AC  0|TAMS 0x00000000e6a00000, 0x00000000e6a00000|
| 107|0x00000000e6b00000, 0x00000000e6b00000, 0x00000000e6c00000|  0%| F|  |TS  3|AC  0|TAMS 0x00000000e6b00000, 0x00000000e6b00000|
| 108|0x00000000e6c00000, 0x00000000e6c00000, 0x00000000e6d00000|  0%| F|  |TS  3|AC  0|TAMS 0x00000000e6c00000, 0x00000000e6c00000|
| 109|0x00000000e6d00000, 0x00000000e6d00000, 0x00000000e6e00000|  0%| F|  |TS  3|AC  0|TAMS 0x00000000e6d00000, 0x00000000e6d00000|
| 110|0x00000000e6e00000, 0x00000000e6e00000, 0x00000000e6f00000|  0%| F|  |TS  3|AC  0|TAMS 0x00000000e6e00000, 0x00000000e6e00000|
| 111|0x00000000e6f00000, 0x00000000e6f00000, 0x00000000e7000000|  0%| F|  |TS  3|AC  0|TAMS 0x00000000e6f00000, 0x00000000e6f00000|
| 112|0x00000000e7000000, 0x00000000e7000000, 0x00000000e7100000|  0%| F|  |TS  3|AC  0|TAMS 0x00000000e7000000, 0x00000000e7000000|
| 113|0x00000000e7100000, 0x00000000e7100000, 0x00000000e7200000|  0%| F|  |TS  3|AC  0|TAMS 0x00000000e7100000, 0x00000000e7100000|
| 114|0x00000000e7200000, 0x00000000e7200000, 0x00000000e7300000|  0%| F|  |TS  3|AC  0|TAMS 0x00000000e7200000, 0x00000000e7200000|
| 115|0x00000000e7300000, 0x00000000e7300000, 0x00000000e7400000|  0%| F|  |TS  3|AC  0|TAMS 0x00000000e7300000, 0x00000000e7300000|
| 116|0x00000000e7400000, 0x00000000e7400000, 0x00000000e7500000|  0%| F|  |TS  3|AC  0|TAMS 0x00000000e7400000, 0x00000000e7400000|
| 117|0x00000000e7500000, 0x00000000e7500000, 0x00000000e7600000|  0%| F|  |TS  3|AC  0|TAMS 0x00000000e7500000, 0x00000000e7500000|
| 118|0x00000000e7600000, 0x00000000e7600000, 0x00000000e7700000|  0%| F|  |TS  3|AC  0|TAMS 0x00000000e7600000, 0x00000000e7600000|
| 119|0x00000000e7700000, 0x00000000e7700000, 0x00000000e7800000|  0%| F|  |TS  3|AC  0|TAMS 0x00000000e7700000, 0x00000000e7700000|
| 120|0x00000000e7800000, 0x00000000e7800000, 0x00000000e7900000|  0%| F|  |TS  3|AC  0|TAMS 0x00000000e7800000, 0x00000000e7800000|
| 121|0x00000000e7900000, 0x00000000e7900000, 0x00000000e7a00000|  0%| F|  |TS  3|AC  0|TAMS 0x00000000e7900000, 0x00000000e7900000|
| 122|0x00000000e7a00000, 0x00000000e7a00000, 0x00000000e7b00000|  0%| F|  |TS  3|AC  0|TAMS 0x00000000e7a00000, 0x00000000e7a00000|
| 123|0x00000000e7b00000, 0x00000000e7b00000, 0x00000000e7c00000|  0%| F|  |TS  3|AC  0|TAMS 0x00000000e7b00000, 0x00000000e7b00000|
| 124|0x00000000e7c00000, 0x00000000e7c00000, 0x00000000e7d00000|  0%| F|  |TS  3|AC  0|TAMS 0x00000000e7c00000, 0x00000000e7c00000|
| 125|0x00000000e7d00000, 0x00000000e7d00000, 0x00000000e7e00000|  0%| F|  |TS  3|AC  0|TAMS 0x00000000e7d00000, 0x00000000e7d00000|
| 126|0x00000000e7e00000, 0x00000000e7e00000, 0x00000000e7f00000|  0%| F|  |TS  3|AC  0|TAMS 0x00000000e7e00000, 0x00000000e7e00000|
| 127|0x00000000e7f00000, 0x00000000e7f00000, 0x00000000e8000000|  0%| F|  |TS  3|AC  0|TAMS 0x00000000e7f00000, 0x00000000e7f00000|
| 128|0x00000000e8000000, 0x00000000e8000000, 0x00000000e8100000|  0%| F|  |TS  3|AC  0|TAMS 0x00000000e8000000, 0x00000000e8000000|
| 129|0x00000000e8100000, 0x00000000e8100000, 0x00000000e8200000|  0%| F|  |TS  3|AC  0|TAMS 0x00000000e8100000, 0x00000000e8100000|
| 130|0x00000000e8200000, 0x00000000e8200000, 0x00000000e8300000|  0%| F|  |TS  3|AC  0|TAMS 0x00000000e8200000, 0x00000000e8200000|
| 131|0x00000000e8300000, 0x00000000e8300000, 0x00000000e8400000|  0%| F|  |TS  3|AC  0|TAMS 0x00000000e8300000, 0x00000000e8300000|
| 132|0x00000000e8400000, 0x00000000e8400000, 0x00000000e8500000|  0%| F|  |TS  3|AC  0|TAMS 0x00000000e8400000, 0x00000000e8400000|
| 133|0x00000000e8500000, 0x00000000e8500000, 0x00000000e8600000|  0%| F|  |TS  3|AC  0|TAMS 0x00000000e8500000, 0x00000000e8500000|
| 134|0x00000000e8600000, 0x00000000e8600000, 0x00000000e8700000|  0%| F|  |TS  3|AC  0|TAMS 0x00000000e8600000, 0x00000000e8600000|
| 135|0x00000000e8700000, 0x00000000e8700000, 0x00000000e8800000|  0%| F|  |TS  3|AC  0|TAMS 0x00000000e8700000, 0x00000000e8700000|
| 136|0x00000000e8800000, 0x00000000e8800000, 0x00000000e8900000|  0%| F|  |TS  3|AC  0|TAMS 0x00000000e8800000, 0x00000000e8800000|
| 137|0x00000000e8900000, 0x00000000e8900000, 0x00000000e8a00000|  0%| F|  |TS  3|AC  0|TAMS 0x00000000e8900000, 0x00000000e8900000|
| 138|0x00000000e8a00000, 0x00000000e8a00000, 0x00000000e8b00000|  0%| F|  |TS  3|AC  0|TAMS 0x00000000e8a00000, 0x00000000e8a00000|
| 139|0x00000000e8b00000, 0x00000000e8b00000, 0x00000000e8c00000|  0%| F|  |TS  3|AC  0|TAMS 0x00000000e8b00000, 0x00000000e8b00000|
| 140|0x00000000e8c00000, 0x00000000e8c00000, 0x00000000e8d00000|  0%| F|  |TS  3|AC  0|TAMS 0x00000000e8c00000, 0x00000000e8c00000|
| 141|0x00000000e8d00000, 0x00000000e8d00000, 0x00000000e8e00000|  0%| F|  |TS  3|AC  0|TAMS 0x00000000e8d00000, 0x00000000e8d00000|
| 142|0x00000000e8e00000, 0x00000000e8e00000, 0x00000000e8f00000|  0%| F|  |TS  3|AC  0|TAMS 0x00000000e8e00000, 0x00000000e8e00000|
| 143|0x00000000e8f00000, 0x00000000e8f00000, 0x00000000e9000000|  0%| F|  |TS  3|AC  0|TAMS 0x00000000e8f00000, 0x00000000e8f00000|
| 144|0x00000000e9000000, 0x00000000e9000000, 0x00000000e9100000|  0%| F|  |TS  3|AC  0|TAMS 0x00000000e9000000, 0x00000000e9000000|
| 145|0x00000000e9100000, 0x00000000e9100000, 0x00000000e9200000|  0%| F|  |TS  3|AC  0|TAMS 0x00000000e9100000, 0x00000000e9100000|
| 146|0x00000000e9200000, 0x00000000e9200000, 0x00000000e9300000|  0%| F|  |TS  3|AC  0|TAMS 0x00000000e9200000, 0x00000000e9200000|
| 147|0x00000000e9300000, 0x00000000e9300000, 0x00000000e9400000|  0%| F|  |TS  3|AC  0|TAMS 0x00000000e9300000, 0x00000000e9300000|
| 148|0x00000000e9400000, 0x00000000e9400000, 0x00000000e9500000|  0%| F|  |TS  3|AC  0|TAMS 0x00000000e9400000, 0x00000000e9400000|
| 149|0x00000000e9500000, 0x00000000e9500000, 0x00000000e9600000|  0%| F|  |TS  3|AC  0|TAMS 0x00000000e9500000, 0x00000000e9500000|
| 150|0x00000000e9600000, 0x00000000e9600000, 0x00000000e9700000|  0%| F|  |TS  3|AC  0|TAMS 0x00000000e9600000, 0x00000000e9600000|
| 151|0x00000000e9700000, 0x00000000e9700000, 0x00000000e9800000|  0%| F|  |TS  3|AC  0|TAMS 0x00000000e9700000, 0x00000000e9700000|
| 152|0x00000000e9800000, 0x00000000e9800000, 0x00000000e9900000|  0%| F|  |TS  3|AC  0|TAMS 0x00000000e9800000, 0x00000000e9800000|
| 153|0x00000000e9900000, 0x00000000e9900000, 0x00000000e9a00000|  0%| F|  |TS  3|AC  0|TAMS 0x00000000e9900000, 0x00000000e9900000|
| 154|0x00000000e9a00000, 0x00000000e9a00000, 0x00000000e9b00000|  0%| F|  |TS  3|AC  0|TAMS 0x00000000e9a00000, 0x00000000e9a00000|
| 155|0x00000000e9b00000, 0x00000000e9b5fdf8, 0x00000000e9c00000| 37%| E|  |TS  3|AC  0|TAMS 0x00000000e9b00000, 0x00000000e9b00000|
| 156|0x00000000e9c00000, 0x00000000e9d00000, 0x00000000e9d00000|100%| E|CS|TS  3|AC  0|TAMS 0x00000000e9c00000, 0x00000000e9c00000|
| 157|0x00000000e9d00000, 0x00000000e9e00000, 0x00000000e9e00000|100%| E|CS|TS  3|AC  0|TAMS 0x00000000e9d00000, 0x00000000e9d00000|
| 158|0x00000000e9e00000, 0x00000000e9f00000, 0x00000000e9f00000|100%| E|CS|TS  3|AC  0|TAMS 0x00000000e9e00000, 0x00000000e9e00000|
| 159|0x00000000e9f00000, 0x00000000ea000000, 0x00000000ea000000|100%| E|CS|TS  3|AC  0|TAMS 0x00000000e9f00000, 0x00000000e9f00000|
| 160|0x00000000ea000000, 0x00000000ea100000, 0x00000000ea100000|100%| E|CS|TS  3|AC  0|TAMS 0x00000000ea000000, 0x00000000ea000000|
| 161|0x00000000ea100000, 0x00000000ea200000, 0x00000000ea200000|100%| E|CS|TS  3|AC  0|TAMS 0x00000000ea100000, 0x00000000ea100000|
| 162|0x00000000ea200000, 0x00000000ea300000, 0x00000000ea300000|100%| E|CS|TS  3|AC  0|TAMS 0x00000000ea200000, 0x00000000ea200000|
| 163|0x00000000ea300000, 0x00000000ea400000, 0x00000000ea400000|100%| E|CS|TS  3|AC  0|TAMS 0x00000000ea300000, 0x00000000ea300000|
| 164|0x00000000ea400000, 0x00000000ea500000, 0x00000000ea500000|100%| E|CS|TS  3|AC  0|TAMS 0x00000000ea400000, 0x00000000ea400000|
| 165|0x00000000ea500000, 0x00000000ea600000, 0x00000000ea600000|100%| E|CS|TS  3|AC  0|TAMS 0x00000000ea500000, 0x00000000ea500000|
| 166|0x00000000ea600000, 0x00000000ea700000, 0x00000000ea700000|100%| E|CS|TS  3|AC  0|TAMS 0x00000000ea600000, 0x00000000ea600000|
| 167|0x00000000ea700000, 0x00000000ea800000, 0x00000000ea800000|100%| E|CS|TS  3|AC  0|TAMS 0x00000000ea700000, 0x00000000ea700000|
| 168|0x00000000ea800000, 0x00000000ea900000, 0x00000000ea900000|100%| E|CS|TS  3|AC  0|TAMS 0x00000000ea800000, 0x00000000ea800000|
| 169|0x00000000ea900000, 0x00000000eaa00000, 0x00000000eaa00000|100%| E|CS|TS  3|AC  0|TAMS 0x00000000ea900000, 0x00000000ea900000|
| 170|0x00000000eaa00000, 0x00000000eab00000, 0x00000000eab00000|100%| E|CS|TS  3|AC  0|TAMS 0x00000000eaa00000, 0x00000000eaa00000|
| 171|0x00000000eab00000, 0x00000000eac00000, 0x00000000eac00000|100%| E|CS|TS  3|AC  0|TAMS 0x00000000eab00000, 0x00000000eab00000|
| 172|0x00000000eac00000, 0x00000000ead00000, 0x00000000ead00000|100%| E|CS|TS  3|AC  0|TAMS 0x00000000eac00000, 0x00000000eac00000|
| 173|0x00000000ead00000, 0x00000000eae00000, 0x00000000eae00000|100%| E|CS|TS  3|AC  0|TAMS 0x00000000ead00000, 0x00000000ead00000|
| 174|0x00000000eae00000, 0x00000000eaf00000, 0x00000000eaf00000|100%| E|CS|TS  3|AC  0|TAMS 0x00000000eae00000, 0x00000000eae00000|
| 175|0x00000000eaf00000, 0x00000000eb000000, 0x00000000eb000000|100%| E|CS|TS  3|AC  0|TAMS 0x00000000eaf00000, 0x00000000eaf00000|
| 176|0x00000000eb000000, 0x00000000eb100000, 0x00000000eb100000|100%| E|CS|TS  3|AC  0|TAMS 0x00000000eb000000, 0x00000000eb000000|
| 177|0x00000000eb100000, 0x00000000eb200000, 0x00000000eb200000|100%| E|CS|TS  3|AC  0|TAMS 0x00000000eb100000, 0x00000000eb100000|
| 178|0x00000000eb200000, 0x00000000eb300000, 0x00000000eb300000|100%| E|CS|TS  3|AC  0|TAMS 0x00000000eb200000, 0x00000000eb200000|
| 179|0x00000000eb300000, 0x00000000eb400000, 0x00000000eb400000|100%| E|CS|TS  3|AC  0|TAMS 0x00000000eb300000, 0x00000000eb300000|
| 180|0x00000000eb400000, 0x00000000eb500000, 0x00000000eb500000|100%| E|CS|TS  3|AC  0|TAMS 0x00000000eb400000, 0x00000000eb400000|
| 181|0x00000000eb500000, 0x00000000eb600000, 0x00000000eb600000|100%| E|CS|TS  3|AC  0|TAMS 0x00000000eb500000, 0x00000000eb500000|
| 182|0x00000000eb600000, 0x00000000eb700000, 0x00000000eb700000|100%| E|CS|TS  3|AC  0|TAMS 0x00000000eb600000, 0x00000000eb600000|
| 183|0x00000000eb700000, 0x00000000eb800000, 0x00000000eb800000|100%| E|CS|TS  3|AC  0|TAMS 0x00000000eb700000, 0x00000000eb700000|
| 184|0x00000000eb800000, 0x00000000eb900000, 0x00000000eb900000|100%| E|CS|TS  3|AC  0|TAMS 0x00000000eb800000, 0x00000000eb800000|
| 185|0x00000000eb900000, 0x00000000eba00000, 0x00000000eba00000|100%| E|CS|TS  3|AC  0|TAMS 0x00000000eb900000, 0x00000000eb900000|
| 186|0x00000000eba00000, 0x00000000ebb00000, 0x00000000ebb00000|100%| E|CS|TS  3|AC  0|TAMS 0x00000000eba00000, 0x00000000eba00000|
| 187|0x00000000ebb00000, 0x00000000ebc00000, 0x00000000ebc00000|100%| E|CS|TS  3|AC  0|TAMS 0x00000000ebb00000, 0x00000000ebb00000|
| 188|0x00000000ebc00000, 0x00000000ebd00000, 0x00000000ebd00000|100%| E|CS|TS  3|AC  0|TAMS 0x00000000ebc00000, 0x00000000ebc00000|
| 189|0x00000000ebd00000, 0x00000000ebe00000, 0x00000000ebe00000|100%| E|CS|TS  3|AC  0|TAMS 0x00000000ebd00000, 0x00000000ebd00000|
| 190|0x00000000ebe00000, 0x00000000ebf00000, 0x00000000ebf00000|100%| E|CS|TS  3|AC  0|TAMS 0x00000000ebe00000, 0x00000000ebe00000|
| 191|0x00000000ebf00000, 0x00000000ec000000, 0x00000000ec000000|100%| E|CS|TS  3|AC  0|TAMS 0x00000000ebf00000, 0x00000000ebf00000|
| 192|0x00000000ec000000, 0x00000000ec100000, 0x00000000ec100000|100%| E|CS|TS  3|AC  0|TAMS 0x00000000ec000000, 0x00000000ec000000|
| 193|0x00000000ec100000, 0x00000000ec200000, 0x00000000ec200000|100%| E|CS|TS  3|AC  0|TAMS 0x00000000ec100000, 0x00000000ec100000|
| 194|0x00000000ec200000, 0x00000000ec300000, 0x00000000ec300000|100%| E|CS|TS  3|AC  0|TAMS 0x00000000ec200000, 0x00000000ec200000|
| 195|0x00000000ec300000, 0x00000000ec400000, 0x00000000ec400000|100%| E|CS|TS  3|AC  0|TAMS 0x00000000ec300000, 0x00000000ec300000|
| 196|0x00000000ec400000, 0x00000000ec500000, 0x00000000ec500000|100%| E|CS|TS  3|AC  0|TAMS 0x00000000ec400000, 0x00000000ec400000|
| 197|0x00000000ec500000, 0x00000000ec600000, 0x00000000ec600000|100%| E|CS|TS  3|AC  0|TAMS 0x00000000ec500000, 0x00000000ec500000|
| 198|0x00000000ec600000, 0x00000000ec700000, 0x00000000ec700000|100%| E|CS|TS  3|AC  0|TAMS 0x00000000ec600000, 0x00000000ec600000|
| 199|0x00000000ec700000, 0x00000000ec800000, 0x00000000ec800000|100%| E|CS|TS  3|AC  0|TAMS 0x00000000ec700000, 0x00000000ec700000|
| 200|0x00000000ec800000, 0x00000000ec900000, 0x00000000ec900000|100%| E|CS|TS  3|AC  0|TAMS 0x00000000ec800000, 0x00000000ec800000|
| 201|0x00000000ec900000, 0x00000000eca00000, 0x00000000eca00000|100%| E|CS|TS  3|AC  0|TAMS 0x00000000ec900000, 0x00000000ec900000|
| 202|0x00000000eca00000, 0x00000000ecb00000, 0x00000000ecb00000|100%| E|CS|TS  3|AC  0|TAMS 0x00000000eca00000, 0x00000000eca00000|
| 203|0x00000000ecb00000, 0x00000000ecc00000, 0x00000000ecc00000|100%| E|CS|TS  3|AC  0|TAMS 0x00000000ecb00000, 0x00000000ecb00000|
| 204|0x00000000ecc00000, 0x00000000ecd00000, 0x00000000ecd00000|100%| E|CS|TS  3|AC  0|TAMS 0x00000000ecc00000, 0x00000000ecc00000|
| 205|0x00000000ecd00000, 0x00000000ece00000, 0x00000000ece00000|100%| E|CS|TS  3|AC  0|TAMS 0x00000000ecd00000, 0x00000000ecd00000|
| 206|0x00000000ece00000, 0x00000000ecf00000, 0x00000000ecf00000|100%| E|CS|TS  3|AC  0|TAMS 0x00000000ece00000, 0x00000000ece00000|
| 207|0x00000000ecf00000, 0x00000000ed000000, 0x00000000ed000000|100%| E|CS|TS  3|AC  0|TAMS 0x00000000ecf00000, 0x00000000ecf00000|
| 208|0x00000000ed000000, 0x00000000ed100000, 0x00000000ed100000|100%| E|CS|TS  3|AC  0|TAMS 0x00000000ed000000, 0x00000000ed000000|
| 209|0x00000000ed100000, 0x00000000ed200000, 0x00000000ed200000|100%| E|CS|TS  3|AC  0|TAMS 0x00000000ed100000, 0x00000000ed100000|
| 210|0x00000000ed200000, 0x00000000ed300000, 0x00000000ed300000|100%| E|CS|TS  3|AC  0|TAMS 0x00000000ed200000, 0x00000000ed200000|
| 211|0x00000000ed300000, 0x00000000ed400000, 0x00000000ed400000|100%| E|CS|TS  3|AC  0|TAMS 0x00000000ed300000, 0x00000000ed300000|
| 212|0x00000000ed400000, 0x00000000ed500000, 0x00000000ed500000|100%| E|CS|TS  3|AC  0|TAMS 0x00000000ed400000, 0x00000000ed400000|
| 213|0x00000000ed500000, 0x00000000ed600000, 0x00000000ed600000|100%| S|CS|TS  5|AC  0|TAMS 0x00000000ed500000, 0x00000000ed500000|
| 214|0x00000000ed600000, 0x00000000ed700000, 0x00000000ed700000|100%| S|CS|TS  5|AC  0|TAMS 0x00000000ed600000, 0x00000000ed600000|
| 215|0x00000000ed700000, 0x00000000ed800000, 0x00000000ed800000|100%| S|CS|TS  5|AC  0|TAMS 0x00000000ed700000, 0x00000000ed700000|
| 216|0x00000000ed800000, 0x00000000ed900000, 0x00000000ed900000|100%| S|CS|TS  5|AC  0|TAMS 0x00000000ed800000, 0x00000000ed800000|
| 217|0x00000000ed900000, 0x00000000eda00000, 0x00000000eda00000|100%| E|CS|TS  5|AC  0|TAMS 0x00000000ed900000, 0x00000000ed900000|
| 218|0x00000000eda00000, 0x00000000edb00000, 0x00000000edb00000|100%| E|CS|TS  5|AC  0|TAMS 0x00000000eda00000, 0x00000000eda00000|
| 219|0x00000000edb00000, 0x00000000edc00000, 0x00000000edc00000|100%| E|CS|TS  5|AC  0|TAMS 0x00000000edb00000, 0x00000000edb00000|
| 220|0x00000000edc00000, 0x00000000edd00000, 0x00000000edd00000|100%| E|CS|TS  5|AC  0|TAMS 0x00000000edc00000, 0x00000000edc00000|
| 221|0x00000000edd00000, 0x00000000ede00000, 0x00000000ede00000|100%| E|CS|TS  5|AC  0|TAMS 0x00000000edd00000, 0x00000000edd00000|
| 222|0x00000000ede00000, 0x00000000edf00000, 0x00000000edf00000|100%| E|CS|TS  5|AC  0|TAMS 0x00000000ede00000, 0x00000000ede00000|
| 223|0x00000000edf00000, 0x00000000ee000000, 0x00000000ee000000|100%| E|CS|TS  5|AC  0|TAMS 0x00000000edf00000, 0x00000000edf00000|
| 224|0x00000000ee000000, 0x00000000ee100000, 0x00000000ee100000|100%| E|CS|TS  5|AC  0|TAMS 0x00000000ee000000, 0x00000000ee000000|
| 225|0x00000000ee100000, 0x00000000ee200000, 0x00000000ee200000|100%| E|CS|TS  5|AC  0|TAMS 0x00000000ee100000, 0x00000000ee100000|
| 226|0x00000000ee200000, 0x00000000ee300000, 0x00000000ee300000|100%| E|CS|TS  5|AC  0|TAMS 0x00000000ee200000, 0x00000000ee200000|
| 227|0x00000000ee300000, 0x00000000ee400000, 0x00000000ee400000|100%| E|CS|TS  5|AC  0|TAMS 0x00000000ee300000, 0x00000000ee300000|
| 228|0x00000000ee400000, 0x00000000ee500000, 0x00000000ee500000|100%| E|CS|TS  5|AC  0|TAMS 0x00000000ee400000, 0x00000000ee400000|
| 229|0x00000000ee500000, 0x00000000ee600000, 0x00000000ee600000|100%| E|CS|TS  5|AC  0|TAMS 0x00000000ee500000, 0x00000000ee500000|
| 230|0x00000000ee600000, 0x00000000ee700000, 0x00000000ee700000|100%| E|CS|TS  5|AC  0|TAMS 0x00000000ee600000, 0x00000000ee600000|
| 231|0x00000000ee700000, 0x00000000ee800000, 0x00000000ee800000|100%| E|CS|TS  5|AC  0|TAMS 0x00000000ee700000, 0x00000000ee700000|
| 232|0x00000000ee800000, 0x00000000ee900000, 0x00000000ee900000|100%| E|CS|TS  5|AC  0|TAMS 0x00000000ee800000, 0x00000000ee800000|
| 233|0x00000000ee900000, 0x00000000eea00000, 0x00000000eea00000|100%| E|CS|TS  5|AC  0|TAMS 0x00000000ee900000, 0x00000000ee900000|
| 234|0x00000000eea00000, 0x00000000eeb00000, 0x00000000eeb00000|100%| E|CS|TS  5|AC  0|TAMS 0x00000000eea00000, 0x00000000eea00000|
| 235|0x00000000eeb00000, 0x00000000eec00000, 0x00000000eec00000|100%| E|CS|TS  5|AC  0|TAMS 0x00000000eeb00000, 0x00000000eeb00000|
| 236|0x00000000eec00000, 0x00000000eed00000, 0x00000000eed00000|100%| E|CS|TS  5|AC  0|TAMS 0x00000000eec00000, 0x00000000eec00000|
| 237|0x00000000eed00000, 0x00000000eee00000, 0x00000000eee00000|100%| E|CS|TS  5|AC  0|TAMS 0x00000000eed00000, 0x00000000eed00000|
| 238|0x00000000eee00000, 0x00000000eef00000, 0x00000000eef00000|100%| E|CS|TS  5|AC  0|TAMS 0x00000000eee00000, 0x00000000eee00000|
| 239|0x00000000eef00000, 0x00000000ef000000, 0x00000000ef000000|100%| E|CS|TS  5|AC  0|TAMS 0x00000000eef00000, 0x00000000eef00000|
| 240|0x00000000ef000000, 0x00000000ef100000, 0x00000000ef100000|100%| E|CS|TS  5|AC  0|TAMS 0x00000000ef000000, 0x00000000ef000000|
| 241|0x00000000ef100000, 0x00000000ef200000, 0x00000000ef200000|100%| E|CS|TS  5|AC  0|TAMS 0x00000000ef100000, 0x00000000ef100000|
| 242|0x00000000ef200000, 0x00000000ef300000, 0x00000000ef300000|100%| E|CS|TS  5|AC  0|TAMS 0x00000000ef200000, 0x00000000ef200000|
| 243|0x00000000ef300000, 0x00000000ef400000, 0x00000000ef400000|100%| E|CS|TS  5|AC  0|TAMS 0x00000000ef300000, 0x00000000ef300000|
| 244|0x00000000ef400000, 0x00000000ef500000, 0x00000000ef500000|100%| E|CS|TS  5|AC  0|TAMS 0x00000000ef400000, 0x00000000ef400000|
| 245|0x00000000ef500000, 0x00000000ef600000, 0x00000000ef600000|100%| E|CS|TS  5|AC  0|TAMS 0x00000000ef500000, 0x00000000ef500000|
| 246|0x00000000ef600000, 0x00000000ef700000, 0x00000000ef700000|100%| E|CS|TS  5|AC  0|TAMS 0x00000000ef600000, 0x00000000ef600000|
| 247|0x00000000ef700000, 0x00000000ef800000, 0x00000000ef800000|100%| E|CS|TS  5|AC  0|TAMS 0x00000000ef700000, 0x00000000ef700000|
| 248|0x00000000ef800000, 0x00000000ef900000, 0x00000000ef900000|100%| E|CS|TS  5|AC  0|TAMS 0x00000000ef800000, 0x00000000ef800000|
| 249|0x00000000ef900000, 0x00000000efa00000, 0x00000000efa00000|100%| E|CS|TS  5|AC  0|TAMS 0x00000000ef900000, 0x00000000ef900000|
| 250|0x00000000efa00000, 0x00000000efb00000, 0x00000000efb00000|100%| E|CS|TS  5|AC  0|TAMS 0x00000000efa00000, 0x00000000efa00000|
| 251|0x00000000efb00000, 0x00000000efc00000, 0x00000000efc00000|100%| E|CS|TS  5|AC  0|TAMS 0x00000000efb00000, 0x00000000efb00000|
| 252|0x00000000efc00000, 0x00000000efd00000, 0x00000000efd00000|100%| E|CS|TS  5|AC  0|TAMS 0x00000000efc00000, 0x00000000efc00000|
| 253|0x00000000efd00000, 0x00000000efe00000, 0x00000000efe00000|100%| E|CS|TS  5|AC  0|TAMS 0x00000000efd00000, 0x00000000efd00000|
| 254|0x00000000efe00000, 0x00000000eff00000, 0x00000000eff00000|100%| E|CS|TS  5|AC  0|TAMS 0x00000000efe00000, 0x00000000efe00000|
| 255|0x00000000eff00000, 0x00000000f0000000, 0x00000000f0000000|100%| E|CS|TS  5|AC  0|TAMS 0x00000000eff00000, 0x00000000eff00000|

Card table byte_map: [0x0000026441cb0000,0x0000026441db0000] byte_map_base: 0x00000264415b0000

Marking Bits (Prev, Next): (CMBitMap*) 0x00000264264bae50, (CMBitMap*) 0x00000264264bae88
 Prev Bits: [0x0000026441eb0000, 0x00000264426b0000)
 Next Bits: [0x00000264426b0000, 0x0000026442eb0000)

Polling page: 0x0000026426420000

CodeHeap 'non-profiled nmethods': size=120064Kb used=5405Kb max_used=5405Kb free=114658Kb
 bounds [0x0000026439f50000, 0x000002643a4a0000, 0x0000026441490000]
CodeHeap 'profiled nmethods': size=120000Kb used=17633Kb max_used=17633Kb free=102366Kb
 bounds [0x0000026432a20000, 0x0000026433b60000, 0x0000026439f50000]
CodeHeap 'non-nmethods': size=5696Kb used=2363Kb max_used=2441Kb free=3332Kb
 bounds [0x0000026432490000, 0x0000026432710000, 0x0000026432a20000]
 total_blobs=9682 nmethods=6947 adapters=707
 compilation: enabled

Compilation events (10 events):
Event: 52.594 Thread 0x0000026445d4f000 nmethod 7172 0x000002643a492510 code [0x000002643a4926a0, 0x000002643a492728]
Event: 52.594 Thread 0x0000026445d57000 7173  s    4       java.io.BufferedOutputStream::write (35 bytes)
Event: 52.598 Thread 0x0000026445d57000 nmethod 7173 0x000002643a492810 code [0x000002643a4929a0, 0x000002643a492c58]
Event: 52.609 Thread 0x0000026445d57800 7174       3       java.util.concurrent.ConcurrentHashMap::entrySet (25 bytes)
Event: 52.609 Thread 0x0000026445d57800 nmethod 7174 0x0000026433b45590 code [0x0000026433b45760, 0x0000026433b45b38]
Event: 52.609 Thread 0x0000026445d57800 7175       3       java.util.concurrent.ConcurrentHashMap$EntrySetView::iterator (34 bytes)
Event: 52.610 Thread 0x0000026445d57800 nmethod 7175 0x0000026433b45c90 code [0x0000026433b45e80, 0x0000026433b46300]
Event: 52.619 Thread 0x0000026445d4f000 7176   !   4       java.util.concurrent.ConcurrentHashMap::putVal (432 bytes)
Event: 52.637 Thread 0x0000026445d57800 7177       1       io.spring.gradle.dependencymanagement.org.apache.maven.model.PluginExecution::setGoals (6 bytes)
Event: 52.637 Thread 0x0000026445d57800 nmethod 7177 0x000002643a492d90 code [0x000002643a492f40, 0x000002643a493098]

GC Heap History (10 events):
Event: 16.209 GC heap before
{Heap before GC invocations=3 (full 0):
 garbage-first heap   total 262144K, used 101529K [0x00000000e0000000, 0x00000000e0100800, 0x0000000100000000)
  region size 1024K, 91 young (93184K), 4 survivors (4096K)
 Metaspace       used 20420K, capacity 21138K, committed 21296K, reserved 1069056K
  class space    used 2448K, capacity 2618K, committed 2688K, reserved 1048576K
}
Event: 16.229 GC heap after
{Heap after GC invocations=4 (full 0):
 garbage-first heap   total 262144K, used 22438K [0x00000000e0000000, 0x00000000e0100800, 0x0000000100000000)
  region size 1024K, 14 young (14336K), 14 survivors (14336K)
 Metaspace       used 20420K, capacity 21138K, committed 21296K, reserved 1069056K
  class space    used 2448K, capacity 2618K, committed 2688K, reserved 1048576K
}
Event: 24.758 GC heap before
{Heap before GC invocations=5 (full 0):
 garbage-first heap   total 262144K, used 152486K [0x00000000e0000000, 0x00000000e0100800, 0x0000000100000000)
  region size 1024K, 142 young (145408K), 14 survivors (14336K)
 Metaspace       used 34654K, capacity 35704K, committed 35920K, reserved 1081344K
  class space    used 4243K, capacity 4496K, committed 4608K, reserved 1048576K
}
Event: 24.948 GC heap after
{Heap after GC invocations=6 (full 0):
 garbage-first heap   total 262144K, used 32141K [0x00000000e0000000, 0x00000000e0100800, 0x0000000100000000)
  region size 1024K, 16 young (16384K), 16 survivors (16384K)
 Metaspace       used 34654K, capacity 35704K, committed 35920K, reserved 1081344K
  class space    used 4243K, capacity 4496K, committed 4608K, reserved 1048576K
}
Event: 28.165 GC heap before
{Heap before GC invocations=7 (full 0):
 garbage-first heap   total 262144K, used 88461K [0x00000000e0000000, 0x00000000e0100800, 0x0000000100000000)
  region size 1024K, 68 young (69632K), 16 survivors (16384K)
 Metaspace       used 40245K, capacity 41544K, committed 41600K, reserved 1085440K
  class space    used 4925K, capacity 5228K, committed 5248K, reserved 1048576K
}
Event: 28.206 GC heap after
{Heap after GC invocations=8 (full 0):
 garbage-first heap   total 262144K, used 27481K [0x00000000e0000000, 0x00000000e0100800, 0x0000000100000000)
  region size 1024K, 6 young (6144K), 6 survivors (6144K)
 Metaspace       used 40245K, capacity 41544K, committed 41600K, reserved 1085440K
  class space    used 4925K, capacity 5228K, committed 5248K, reserved 1048576K
}
Event: 34.843 GC heap before
{Heap before GC invocations=8 (full 0):
 garbage-first heap   total 262144K, used 178009K [0x00000000e0000000, 0x00000000e0100800, 0x0000000100000000)
  region size 1024K, 153 young (156672K), 6 survivors (6144K)
 Metaspace       used 48325K, capacity 50424K, committed 50688K, reserved 1093632K
  class space    used 6111K, capacity 6543K, committed 6656K, reserved 1048576K
}
Event: 35.169 GC heap after
{Heap after GC invocations=9 (full 0):
 garbage-first heap   total 262144K, used 36697K [0x00000000e0000000, 0x00000000e0100800, 0x0000000100000000)
  region size 1024K, 15 young (15360K), 15 survivors (15360K)
 Metaspace       used 48325K, capacity 50424K, committed 50688K, reserved 1093632K
  class space    used 6111K, capacity 6543K, committed 6656K, reserved 1048576K
}
Event: 38.691 GC heap before
{Heap before GC invocations=9 (full 0):
 garbage-first heap   total 262144K, used 76633K [0x00000000e0000000, 0x00000000e0100800, 0x0000000100000000)
  region size 1024K, 54 young (55296K), 15 survivors (15360K)
 Metaspace       used 49167K, capacity 51422K, committed 51584K, reserved 1093632K
  class space    used 6242K, capacity 6699K, committed 6784K, reserved 1048576K
}
Event: 38.815 GC heap after
{Heap after GC invocations=10 (full 0):
 garbage-first heap   total 262144K, used 34261K [0x00000000e0000000, 0x00000000e0100800, 0x0000000100000000)
  region size 1024K, 4 young (4096K), 4 survivors (4096K)
 Metaspace       used 49167K, capacity 51422K, committed 51584K, reserved 1093632K
  class space    used 6242K, capacity 6699K, committed 6784K, reserved 1048576K
}

Deoptimization events (10 events):
Event: 49.585 Thread 0x0000026445f8d800 Uncommon trap: reason=unstable_if action=reinterpret pc=0x000002643a02f0b8 method=java.util.concurrent.ConcurrentHashMap.transfer([Ljava/util/concurrent/ConcurrentHashMap$Node;[Ljava/util/concurrent/ConcurrentHashMap$Node;)V @ 273 c2
Event: 49.596 Thread 0x0000026445f8d800 Uncommon trap: reason=unstable_if action=reinterpret pc=0x000002643a3d29ac method=com.esotericsoftware.kryo.io.Input.readString()Ljava/lang/String; @ 28 c2
Event: 49.600 Thread 0x0000026445f8d800 Uncommon trap: reason=bimorphic_or_optimized_type_check action=maybe_recompile pc=0x000002643a44c0d0 method=com.google.common.collect.ImmutableList.hashCode()I @ 23 c2
Event: 49.600 Thread 0x0000026445f8d800 Uncommon trap: reason=bimorphic_or_optimized_type_check action=maybe_recompile pc=0x000002643a44c0d0 method=com.google.common.collect.ImmutableList.hashCode()I @ 23 c2
Event: 49.601 Thread 0x0000026445f8d800 Uncommon trap: reason=bimorphic_or_optimized_type_check action=maybe_recompile pc=0x000002643a44c0d0 method=com.google.common.collect.ImmutableList.hashCode()I @ 23 c2
Event: 49.601 Thread 0x0000026445f8d800 Uncommon trap: reason=bimorphic_or_optimized_type_check action=maybe_recompile pc=0x000002643a44c0d0 method=com.google.common.collect.ImmutableList.hashCode()I @ 23 c2
Event: 49.604 Thread 0x0000026445f8d800 Uncommon trap: reason=unstable_if action=reinterpret pc=0x000002643a269600 method=com.esotericsoftware.kryo.io.Input.require(I)I @ 65 c2
Event: 50.175 Thread 0x0000026445f8d800 Uncommon trap: reason=unstable_if action=reinterpret pc=0x000002643a42070c method=io.spring.gradle.dependencymanagement.org.codehaus.plexus.util.xml.pull.MXParser.nextImpl()I @ 954 c2
Event: 50.252 Thread 0x0000026445f8d800 Uncommon trap: reason=unstable_if action=reinterpret pc=0x000002643a419e54 method=java.lang.StringLatin1.trim([B)Ljava/lang/String; @ 60 c2
Event: 52.301 Thread 0x0000026445f8d800 Uncommon trap: reason=unstable_if action=reinterpret pc=0x000002643a4803e8 method=io.spring.gradle.dependencymanagement.org.codehaus.plexus.util.xml.pull.MXParser.nextTag()I @ 10 c2

Classes redefined (0 events):
No events

Internal exceptions (10 events):
Event: 43.498 Thread 0x0000026445f8d800 Exception <a 'java/lang/NoSuchMethodError'{0x00000000ed4e8838}: method resolution failed> (0x00000000ed4e8838) thrown at [t:/workspace/hotspot/src/share/vm/prims/methodHandles.cpp, line 1256]
Event: 43.557 Thread 0x0000026445f8d800 Exception <a 'java/lang/ClassNotFoundException'{0x00000000ed11a260}: org/gradle/api/internal/artifacts/configurations/DefaultConfiguration_DecoratedBeanInfo> (0x00000000ed11a260) thrown at [t:/workspace/hotspot/src/share/vm/classfile/systemDictionary.cpp,
Event: 43.563 Thread 0x0000026445f8d800 Exception <a 'java/lang/ClassNotFoundException'{0x00000000ed1598d0}: org/gradle/api/internal/artifacts/configurations/DefaultConfigurationBeanInfo> (0x00000000ed1598d0) thrown at [t:/workspace/hotspot/src/share/vm/classfile/systemDictionary.cpp, line 218]
Event: 43.566 Thread 0x0000026445f8d800 Exception <a 'java/lang/ClassNotFoundException'{0x00000000ed176d98}: org/gradle/api/internal/file/AbstractFileCollectionBeanInfo> (0x00000000ed176d98) thrown at [t:/workspace/hotspot/src/share/vm/classfile/systemDictionary.cpp, line 218]
Event: 43.568 Thread 0x0000026445f8d800 Exception <a 'java/lang/ClassNotFoundException'{0x00000000ed194550}: org/gradle/api/internal/file/AbstractFileCollectionCustomizer> (0x00000000ed194550) thrown at [t:/workspace/hotspot/src/share/vm/classfile/systemDictionary.cpp, line 218]
Event: 43.574 Thread 0x0000026445f8d800 Exception <a 'java/lang/ClassNotFoundException'{0x00000000ed1e1c40}: org/gradle/api/internal/artifacts/configurations/DefaultConfigurationCustomizer> (0x00000000ed1e1c40) thrown at [t:/workspace/hotspot/src/share/vm/classfile/systemDictionary.cpp, line 21
Event: 43.585 Thread 0x0000026445f8d800 Exception <a 'java/lang/ClassNotFoundException'{0x00000000ed072da0}: org/gradle/api/internal/artifacts/configurations/DefaultConfiguration_DecoratedCustomizer> (0x00000000ed072da0) thrown at [t:/workspace/hotspot/src/share/vm/classfile/systemDictionary.cp
Event: 43.845 Thread 0x0000026445f8d800 Exception <a 'java/lang/NoSuchMethodError'{0x00000000ecb33b28}: java.lang.Object.lambda$union$1(Ljava/util/regex/Pattern$CharPredicate;I)Z> (0x00000000ecb33b28) thrown at [t:/workspace/hotspot/src/share/vm/interpreter/linkResolver.cpp, line 731]
Event: 48.145 Thread 0x0000026445f8d000 Exception <a 'java/lang/NoSuchMethodError'{0x00000000ec0e5b60}: java.lang.invoke.DirectMethodHandle$Holder.invokeVirtual(Ljava/lang/Object;Ljava/lang/Object;)I> (0x00000000ec0e5b60) thrown at [t:/workspace/hotspot/src/share/vm/interpreter/linkResolver.cpp
Event: 48.155 Thread 0x0000026445f8d000 Exception <a 'java/lang/NoSuchMethodError'{0x00000000ec0eaf38}: java.lang.Object.lambda$comparingInt$7b0bb60$1(Ljava/util/function/ToIntFunction;Ljava/lang/Object;Ljava/lang/Object;)I> (0x00000000ec0eaf38) thrown at [t:/workspace/hotspot/src/share/vm/inte

Events (10 events):
Event: 52.318 Thread 0x0000026445f8d800 DEOPT PACKING pc=0x000002643a250090 sp=0x000000c91e1facc0
Event: 52.318 Thread 0x0000026445f8d800 DEOPT UNPACKING pc=0x00000264324ddd3f sp=0x000000c91e1fa178 mode 1
Event: 52.319 Thread 0x0000026445f8d800 DEOPT PACKING pc=0x0000026433ac5f83 sp=0x000000c91e1fb3b0
Event: 52.319 Thread 0x0000026445f8d800 DEOPT UNPACKING pc=0x00000264324ddd3f sp=0x000000c91e1fa8f8 mode 0
Event: 52.504 Thread 0x0000026445f8d800 DEOPT PACKING pc=0x0000026433ac5f83 sp=0x000000c91e1fb690
Event: 52.504 Thread 0x0000026445f8d800 DEOPT UNPACKING pc=0x00000264324ddd3f sp=0x000000c91e1fabd8 mode 0
Event: 52.557 Thread 0x0000026445f8d800 DEOPT PACKING pc=0x0000026433992180 sp=0x000000c91e1fb1e0
Event: 52.557 Thread 0x0000026445f8d800 DEOPT UNPACKING pc=0x00000264324ddd3f sp=0x000000c91e1fa6e0 mode 0
Event: 52.565 Executing VM operation: BulkRevokeBias
Event: 52.567 Executing VM operation: BulkRevokeBias done


Dynamic libraries:
0x00007ff73d530000 - 0x00007ff73d56e000 	C:\Program Files\Java\jdk-9.0.1\bin\java.exe
0x00007ffedbb30000 - 0x00007ffedbd24000 	C:\WINDOWS\SYSTEM32\ntdll.dll
0x00007ffeda890000 - 0x00007ffeda94d000 	C:\WINDOWS\System32\KERNEL32.DLL
0x00007ffed9300000 - 0x00007ffed95c7000 	C:\WINDOWS\System32\KERNELBASE.dll
0x00007ffed9ec0000 - 0x00007ffed9f6a000 	C:\WINDOWS\System32\ADVAPI32.dll
0x00007ffedb1f0000 - 0x00007ffedb28e000 	C:\WINDOWS\System32\msvcrt.dll
0x00007ffedad50000 - 0x00007ffedadeb000 	C:\WINDOWS\System32\sechost.dll
0x00007ffed9bf0000 - 0x00007ffed9d13000 	C:\WINDOWS\System32\RPCRT4.dll
0x00007ffed9d20000 - 0x00007ffed9ec0000 	C:\WINDOWS\System32\USER32.dll
0x00007ffed9b40000 - 0x00007ffed9b62000 	C:\WINDOWS\System32\win32u.dll
0x00007ffedb1c0000 - 0x00007ffedb1ea000 	C:\WINDOWS\System32\GDI32.dll
0x00007ffed95d0000 - 0x00007ffed96d9000 	C:\WINDOWS\System32\gdi32full.dll
0x00007ffed9890000 - 0x00007ffed992d000 	C:\WINDOWS\System32\msvcp_win.dll
0x00007ffed99e0000 - 0x00007ffed9ae0000 	C:\WINDOWS\System32\ucrtbase.dll
0x00007ffed04e0000 - 0x00007ffed04ea000 	C:\WINDOWS\SYSTEM32\VERSION.dll
0x00007ffec6980000 - 0x00007ffec6c1a000 	C:\WINDOWS\WinSxS\amd64_microsoft.windows.common-controls_6595b64144ccf1df_6.0.19041.1_none_b555e41d4684ddec\COMCTL32.dll
0x00007ffed9ba0000 - 0x00007ffed9bd0000 	C:\WINDOWS\System32\IMM32.DLL
0x00007ffeb4a20000 - 0x00007ffeb4b0f000 	C:\Program Files\Java\jdk-9.0.1\bin\msvcr120.dll
0x00007ffeae520000 - 0x00007ffeae5c6000 	C:\Program Files\Java\jdk-9.0.1\bin\msvcp120.dll
0x0000000058ff0000 - 0x0000000059a14000 	C:\Program Files\Java\jdk-9.0.1\bin\server\jvm.dll
0x00007ffedaf30000 - 0x00007ffedaf38000 	C:\WINDOWS\System32\PSAPI.DLL
0x00007ffec98f0000 - 0x00007ffec98f9000 	C:\WINDOWS\SYSTEM32\WSOCK32.dll
0x00007ffedaab0000 - 0x00007ffedab1b000 	C:\WINDOWS\System32\WS2_32.dll
0x00007ffec98c0000 - 0x00007ffec98e7000 	C:\WINDOWS\SYSTEM32\WINMM.dll
0x00007ffed3b90000 - 0x00007ffed3b9f000 	C:\Program Files\Java\jdk-9.0.1\bin\verify.dll
0x00007ffed33b0000 - 0x00007ffed33d7000 	C:\Program Files\Java\jdk-9.0.1\bin\java.dll
0x00007ffebf1e0000 - 0x00007ffebf216000 	C:\Program Files\Java\jdk-9.0.1\bin\jdwp.dll
0x00007ffed1c20000 - 0x00007ffed1c36000 	C:\Program Files\Java\jdk-9.0.1\bin\zip.dll
0x00007ffed3a80000 - 0x00007ffed3a8a000 	C:\Program Files\Java\jdk-9.0.1\bin\jimage.dll
0x00007ffedb3b0000 - 0x00007ffedbae1000 	C:\WINDOWS\System32\SHELL32.dll
0x00007ffed7210000 - 0x00007ffed799a000 	C:\WINDOWS\SYSTEM32\windows.storage.dll
0x00007ffeda030000 - 0x00007ffeda384000 	C:\WINDOWS\System32\combase.dll
0x00007ffed8d00000 - 0x00007ffed8d2b000 	C:\WINDOWS\SYSTEM32\Wldp.dll
0x00007ffedb290000 - 0x00007ffedb33e000 	C:\WINDOWS\System32\SHCORE.dll
0x00007ffed9f70000 - 0x00007ffed9fc5000 	C:\WINDOWS\System32\shlwapi.dll
0x00007ffed91c0000 - 0x00007ffed91df000 	C:\WINDOWS\SYSTEM32\profapi.dll
0x00007ffec6d80000 - 0x00007ffec6d9a000 	C:\Program Files\Java\jdk-9.0.1\bin\net.dll
0x00007ffed8340000 - 0x00007ffed8440000 	C:\WINDOWS\SYSTEM32\WINHTTP.dll
0x00007ffed8a80000 - 0x00007ffed8aea000 	C:\WINDOWS\system32\mswsock.dll
0x00007ffec6d10000 - 0x00007ffec6d21000 	C:\Program Files\Java\jdk-9.0.1\bin\nio.dll
0x00007ffec6780000 - 0x00007ffec678a000 	C:\Program Files\Java\jdk-9.0.1\bin\dt_socket.dll
0x00007ffec4070000 - 0x00007ffec4097000 	C:\Users\sbejjanki\.gradle\native\481b90ef2c2b5ab96622bab5346fdaaafe5c91895d4d4de1c4fe4b2e89a8011f\windows-amd64\native-platform.dll
0x00007ffed3a40000 - 0x00007ffed3a49000 	C:\Program Files\Java\jdk-9.0.1\bin\management.dll
0x00007ffed3750000 - 0x00007ffed375a000 	C:\Program Files\Java\jdk-9.0.1\bin\management_ext.dll
0x00007ffed8c50000 - 0x00007ffed8c68000 	C:\WINDOWS\SYSTEM32\CRYPTSP.dll
0x00007ffed82a0000 - 0x00007ffed82d4000 	C:\WINDOWS\system32\rsaenh.dll
0x00007ffed9b70000 - 0x00007ffed9b97000 	C:\WINDOWS\System32\bcrypt.dll
0x00007ffed9180000 - 0x00007ffed91ae000 	C:\WINDOWS\SYSTEM32\USERENV.dll
0x00007ffed9280000 - 0x00007ffed92ff000 	C:\WINDOWS\System32\bcryptprimitives.dll
0x00007ffed8c70000 - 0x00007ffed8c7c000 	C:\WINDOWS\SYSTEM32\CRYPTBASE.dll
0x00007ffed8720000 - 0x00007ffed875b000 	C:\WINDOWS\SYSTEM32\IPHLPAPI.DLL
0x00007ffedb340000 - 0x00007ffedb349000 	C:\WINDOWS\System32\NSI.dll
0x00007ffed3c50000 - 0x00007ffed3c67000 	C:\WINDOWS\SYSTEM32\dhcpcsvc6.DLL
0x00007ffed3af0000 - 0x00007ffed3b0d000 	C:\WINDOWS\SYSTEM32\dhcpcsvc.DLL
0x00007ffed8770000 - 0x00007ffed883a000 	C:\WINDOWS\SYSTEM32\DNSAPI.dll
0x00007ffed41f0000 - 0x00007ffed41fb000 	C:\WINDOWS\SYSTEM32\WINNSI.DLL
0x00007ffed7020000 - 0x00007ffed7204000 	C:\WINDOWS\SYSTEM32\dbghelp.dll

VM Arguments:
jvm_args: -XX:MaxMetaspaceSize=256m -XX:+HeapDumpOnOutOfMemoryError -agentlib:jdwp=transport=dt_socket,server=n,suspend=y,address=127.0.0.1:60460 --add-opens=java.base/java.util=ALL-UNNAMED --add-opens=java.base/java.lang=ALL-UNNAMED --add-opens=java.base/java.lang.invoke=ALL-UNNAMED --add-opens=java.prefs/java.util.prefs=ALL-UNNAMED -Xms256m -Xmx512m -Dfile.encoding=windows-1252 -Duser.country=IN -Duser.language=en -Duser.variant 
java_command: org.gradle.launcher.daemon.bootstrap.GradleDaemon 6.4.1
java_class_path (initial): C:\Users\sbejjanki\.gradle\wrapper\dists\gradle-6.4.1-bin\33549z180oh3o1s64iwo25l48\gradle-6.4.1\lib\gradle-launcher-6.4.1.jar
Launcher Type: SUN_STANDARD

Logging:
Log output configuration:
#0: stdout all=warning uptime,level,tags
#1: stderr all=off uptime,level,tags

Environment Variables:
JAVA_HOME=C:\Program Files\Java\jdk-9.0.1
PATH=C:\Python27\;C:\Python27\Scripts;C:\ProgramData\Oracle\Java\javapath;C:\WINDOWS\system32;C:\WINDOWS;C:\WINDOWS\System32\Wbem;C:\WINDOWS\System32\WindowsPowerShell\v1.0\;C:\WINDOWS\System32\OpenSSH\;C:\Program Files\Java\jdk-9.0.1\bin;C:\Program Files\Microsoft VS Code\bin;C:\ProgramData\chocolatey\bin;C:\Users\sbejjanki\Downloads\apache-maven-3.6.3\bin;C:\Users\sbejjanki\Downloads\spring-2.2.5.RELEASE\bin;C:\Program Files\nodejs\;C:\Program Files\Git\cmd;C:\Users\sbejjanki\Downloads\gradle-6.4.1\bin;C:\Program Files\Java\jdk1.8.0_251\bin;C:\Users\sbejjanki\AppData\Local\Microsoft\WindowsApps;C:\Users\sbejjanki\AppData\Roaming\npm;
USERNAME=sbejjanki
OS=Windows_NT
PROCESSOR_IDENTIFIER=Intel64 Family 6 Model 142 Stepping 10, GenuineIntel



---------------  S Y S T E M  ---------------

OS: Windows 10 , 64 bit Build 19041 (10.0.19041.207)

CPU:total 4 (initial active 4) (2 cores per cpu, 2 threads per core) family 6 model 142 stepping 10, cmov, cx8, fxsr, mmx, sse, sse2, sse3, ssse3, sse4.1, sse4.2, popcnt, avx, avx2, aes, clmul, erms, 3dnowpref, lzcnt, ht, tsc, tscinvbit, bmi1, bmi2, adx, fma

Memory: 4k page, physical 4022668k(212940k free), swap 16605580k(165616k free)

vm_info: Java HotSpot(TM) 64-Bit Server VM (9.0.1+11) for windows-amd64 JRE (9.0.1+11), built on Sep 28 2017 04:54:03 by "mach5one" with MS VC++ 12.0 (VS2013)

END.
