#
# There is insufficient memory for the Java Runtime Environment to continue.
# Native memory allocation (malloc) failed to allocate 105296 bytes for Chunk::new
# Possible reasons:
#   The system is out of physical RAM or swap space
#   The process is running with CompressedOops enabled, and the Java Heap may be blocking the growth of the native heap
# Possible solutions:
#   Reduce memory load on the system
#   Increase physical memory or swap space
#   Check if swap backing store is full
#   Decrease Java heap size (-Xmx/-Xms)
#   Decrease number of Java threads
#   Decrease Java thread stack sizes (-Xss)
#   Set larger code cache with -XX:ReservedCodeCacheSize=
#   JVM is running with Unscaled Compressed Oops mode in which the Java heap is
#     placed in the first 4GB address space. The Java Heap base address is the
#     maximum limit for the native heap growth. Please use -XX:HeapBaseMinAddress
#     to set the Java Heap base and to place the Java Heap above 4GB virtual address.
# This output file may be truncated or incomplete.
#
#  Out of Memory Error (t:/workspace/hotspot/src/share/vm/memory/allocation.cpp:372), pid=57888, tid=53272
#
# JRE version: Java(TM) SE Runtime Environment (9.0+11) (build 9.0.1+11)
# Java VM: Java HotSpot(TM) 64-Bit Server VM (9.0.1+11, mixed mode, tiered, compressed oops, g1 gc, windows-amd64)
# No core dump will be written. Minidumps are not enabled by default on client versions of Windows
#

---------------  S U M M A R Y ------------

Command Line: -agentlib:jdwp=transport=dt_socket,server=n,suspend=y,address=59859 -Dfile.encoding=windows-1252 -Duser.country=IN -Duser.language=en -Duser.variant com.ns.bank.BankApplication

Host: Intel(R) Core(TM) i3-8130U CPU @ 2.20GHz, 4 cores, 3G,  Windows 10 , 64 bit Build 19041 (10.0.19041.207)
Time: Tue Aug 04 17:42:05 2020 India Standard Time elapsed time: 7 seconds (0d 0h 0m 7s)

---------------  T H R E A D  ---------------

Current thread (0x0000021e2b91c800):  JavaThread "C2 CompilerThread1" daemon [_thread_in_native, id=53272, stack(0x000000bf1fa00000,0x000000bf1fb00000)]


Current CompileTask:
C2:   7690 1262 %     4       java.lang.StringDecoderUTF8::decode @ 19 (768 bytes)

Stack: [0x000000bf1fa00000,0x000000bf1fb00000]
Native frames: (J=compiled Java code, j=interpreted, Vv=VM code, C=native code)
V  [jvm.dll+0x5870b8]

[error occurred during error reporting (printing native stack), id 0xe0000001]


---------------  P R O C E S S  ---------------

Java Threads: ( => current thread )
  0x0000021e2d279800 JavaThread "background-preinit" [_thread_blocked, id=57784, stack(0x000000bf20300000,0x000000bf20400000)]
  0x0000021e2c54a800 JavaThread "Service Thread" daemon [_thread_blocked, id=57652, stack(0x000000bf20100000,0x000000bf20200000)]
  0x0000021e2c52f000 JavaThread "JDWP Command Reader" daemon [_thread_in_native, id=54012, stack(0x000000bf20000000,0x000000bf20100000)]
  0x0000021e2c52e000 JavaThread "JDWP Event Helper Thread" daemon [_thread_blocked, id=51192, stack(0x000000bf1ff00000,0x000000bf20000000)]
  0x0000021e2c51f000 JavaThread "JDWP Transport Listener: dt_socket" daemon [_thread_blocked, id=53848, stack(0x000000bf1fe00000,0x000000bf1ff00000)]
  0x0000021e2c2a1800 JavaThread "Common-Cleaner" daemon [_thread_blocked, id=55472, stack(0x000000bf1fd00000,0x000000bf1fe00000)]
  0x0000021e2c21d000 JavaThread "Sweeper thread" daemon [_thread_blocked, id=5736, stack(0x000000bf1fc00000,0x000000bf1fd00000)]
  0x0000021e2c20c800 JavaThread "C1 CompilerThread2" daemon [_thread_blocked, id=57380, stack(0x000000bf1fb00000,0x000000bf1fc00000)]
=>0x0000021e2b91c800 JavaThread "C2 CompilerThread1" daemon [_thread_in_native, id=53272, stack(0x000000bf1fa00000,0x000000bf1fb00000)]
  0x0000021e2b918000 JavaThread "C2 CompilerThread0" daemon [_thread_blocked, id=524, stack(0x000000bf1f900000,0x000000bf1fa00000)]
  0x0000021e2b912000 JavaThread "Attach Listener" daemon [_thread_blocked, id=55576, stack(0x000000bf1f800000,0x000000bf1f900000)]
  0x0000021e2c208800 JavaThread "Signal Dispatcher" daemon [_thread_blocked, id=45336, stack(0x000000bf1f700000,0x000000bf1f800000)]
  0x0000021e2c1b8800 JavaThread "Finalizer" daemon [_thread_blocked, id=56392, stack(0x000000bf1f600000,0x000000bf1f700000)]
  0x0000021e2b907000 JavaThread "Reference Handler" daemon [_thread_blocked, id=56280, stack(0x000000bf1f500000,0x000000bf1f600000)]
  0x0000021e0b741000 JavaThread "main" [_thread_blocked, id=57980, stack(0x000000bf1e800000,0x000000bf1e900000)]

Other Threads:
  0x0000021e2b904000 VMThread "VM Thread" [stack: 0x000000bf1f400000,0x000000bf1f500000] [id=57780]
  0x0000021e2c54c000 WatcherThread [stack: 0x000000bf20200000,0x000000bf20300000] [id=57548]
  0x0000021e0b757800 GCTaskThread "GC Thread#0" [stack: 0x000000bf1e900000,0x000000bf1ea00000] [id=57976]
  0x0000021e0b759800 GCTaskThread "GC Thread#1" [stack: 0x000000bf1ea00000,0x000000bf1eb00000] [id=57928]
  0x0000021e0b75e000 GCTaskThread "GC Thread#2" [stack: 0x000000bf1eb00000,0x000000bf1ec00000] [id=57968]
  0x0000021e0b75f800 GCTaskThread "GC Thread#3" [stack: 0x000000bf1ec00000,0x000000bf1ed00000] [id=57984]
  0x0000021e0b7a2800 ConcurrentGCThread "G1 Main Marker" [stack: 0x000000bf1f200000,0x000000bf1f300000] [id=57952]
  0x0000021e0b7a4000 ConcurrentGCThread "G1 Marker#0" [stack: 0x000000bf1f300000,0x000000bf1f400000] [id=57932]
  0x0000021e0b769000 ConcurrentGCThread "G1 Refine#0" [stack: 0x000000bf1f000000,0x000000bf1f100000] [id=57956]
  0x0000021e0b766800 ConcurrentGCThread "G1 Refine#1" [stack: 0x000000bf1ef00000,0x000000bf1f000000] [id=57964]
  0x0000021e0b764800 ConcurrentGCThread "G1 Refine#2" [stack: 0x000000bf1ee00000,0x000000bf1ef00000] [id=57948]
  0x0000021e0b761800 ConcurrentGCThread "G1 Refine#3" [stack: 0x000000bf1ed00000,0x000000bf1ee00000] [id=57996]
  0x0000021e0b76c000 ConcurrentGCThread "G1 Young RemSet Sampling" [stack: 0x000000bf1f100000,0x000000bf1f200000] [id=57960]

Threads with active compile tasks:
C2 CompilerThread11262 %     4       java.lang.StringDecoderUTF8::decode @ 19 (768 bytes)

VM state:at safepoint (normal execution)

VM Mutex/Monitor currently owned by a thread:  ([mutex/lock_event])
[0x0000021e0b73ffa0] Threads_lock - owner thread: 0x0000021e2b904000
[0x0000021e0b740c00] Heap_lock - owner thread: 0x0000021e0b741000

Heap address: 0x00000000c2800000, size: 984 MB, Compressed Oops mode: 32-bit
Narrow klass base: 0x0000000000000000, Narrow klass shift: 3
Compressed class space size: 1073741824 Address: 0x0000000100000000

Heap:
 garbage-first heap   total 25600K, used 7679K [0x00000000c2800000, 0x00000000c29000c8, 0x0000000100000000)
  region size 1024K, 0 young (0K), 0 survivors (0K)
 Metaspace       used 13286K, capacity 13688K, committed 13824K, reserved 1073152K
  class space    used 1302K, capacity 1416K, committed 1536K, reserved 1048576K
Heap Regions: E=young(eden), S=young(survivor), O=old, HS=humongous(starts), HC=humongous(continues), CS=collection set, F=free, A=archive, TS=gc time stamp, AC=allocation context, TAMS=top-at-mark-start (previous, next)
|   0|0x00000000c2800000, 0x00000000c2900000, 0x00000000c2900000|100%|HS|  |TS  0|AC  0|TAMS 0x00000000c2800000, 0x00000000c2800000|
|   1|0x00000000c2900000, 0x00000000c29e5818, 0x00000000c2a00000| 89%| O|  |TS  0|AC  0|TAMS 0x00000000c2900000, 0x00000000c2900000|
|   2|0x00000000c2a00000, 0x00000000c2b00000, 0x00000000c2b00000|100%| O|  |TS  0|AC  0|TAMS 0x00000000c2a00000, 0x00000000c2a00000|
|   3|0x00000000c2b00000, 0x00000000c2bffff8, 0x00000000c2c00000| 99%| O|  |TS  0|AC  0|TAMS 0x00000000c2b00000, 0x00000000c2b00000|
|   4|0x00000000c2c00000, 0x00000000c2cfd6e8, 0x00000000c2d00000| 98%| O|  |TS  0|AC  0|TAMS 0x00000000c2c00000, 0x00000000c2c00000|
|   5|0x00000000c2d00000, 0x00000000c2dfff00, 0x00000000c2e00000| 99%| O|  |TS  0|AC  0|TAMS 0x00000000c2d00000, 0x00000000c2d00000|
|   6|0x00000000c2e00000, 0x00000000c2efffd8, 0x00000000c2f00000| 99%| O|  |TS  0|AC  0|TAMS 0x00000000c2e00000, 0x00000000c2e00000|
|   7|0x00000000c2f00000, 0x00000000c2f9cef0, 0x00000000c3000000| 61%| O|  |TS  0|AC  0|TAMS 0x00000000c2f00000, 0x00000000c2f00000|
|   8|0x00000000c3000000, 0x00000000c3000000, 0x00000000c3100000|  0%| F|  |TS  0|AC  0|TAMS 0x00000000c3000000, 0x00000000c3000000|
|   9|0x00000000c3100000, 0x00000000c3100000, 0x00000000c3200000|  0%| F|  |TS  0|AC  0|TAMS 0x00000000c3100000, 0x00000000c3100000|
|  10|0x00000000c3200000, 0x00000000c3200000, 0x00000000c3300000|  0%| F|  |TS  0|AC  0|TAMS 0x00000000c3200000, 0x00000000c3200000|
|  11|0x00000000c3300000, 0x00000000c3300000, 0x00000000c3400000|  0%| F|  |TS  0|AC  0|TAMS 0x00000000c3300000, 0x00000000c3300000|
|  12|0x00000000c3400000, 0x00000000c3400000, 0x00000000c3500000|  0%| F|  |TS  0|AC  0|TAMS 0x00000000c3400000, 0x00000000c3400000|
|  13|0x00000000c3500000, 0x00000000c3500000, 0x00000000c3600000|  0%| F|  |TS  0|AC  0|TAMS 0x00000000c3500000, 0x00000000c3500000|
|  14|0x00000000c3600000, 0x00000000c3600000, 0x00000000c3700000|  0%| F|  |TS  0|AC  0|TAMS 0x00000000c3600000, 0x00000000c3600000|
|  15|0x00000000c3700000, 0x00000000c3700000, 0x00000000c3800000|  0%| F|  |TS  0|AC  0|TAMS 0x00000000c3700000, 0x00000000c3700000|
|  16|0x00000000c3800000, 0x00000000c3800000, 0x00000000c3900000|  0%| F|  |TS  0|AC  0|TAMS 0x00000000c3800000, 0x00000000c3800000|
|  17|0x00000000c3900000, 0x00000000c3900000, 0x00000000c3a00000|  0%| F|  |TS  0|AC  0|TAMS 0x00000000c3900000, 0x00000000c3900000|
|  18|0x00000000c3a00000, 0x00000000c3a00000, 0x00000000c3b00000|  0%| F|  |TS  0|AC  0|TAMS 0x00000000c3a00000, 0x00000000c3a00000|
|  19|0x00000000c3b00000, 0x00000000c3b00000, 0x00000000c3c00000|  0%| F|  |TS  0|AC  0|TAMS 0x00000000c3b00000, 0x00000000c3b00000|
|  20|0x00000000c3c00000, 0x00000000c3c00000, 0x00000000c3d00000|  0%| F|  |TS  0|AC  0|TAMS 0x00000000c3c00000, 0x00000000c3c00000|
|  21|0x00000000c3d00000, 0x00000000c3d00000, 0x00000000c3e00000|  0%| F|  |TS  0|AC  0|TAMS 0x00000000c3d00000, 0x00000000c3d00000|
|  22|0x00000000c3e00000, 0x00000000c3e00000, 0x00000000c3f00000|  0%| F|  |TS  0|AC  0|TAMS 0x00000000c3e00000, 0x00000000c3e00000|
|  23|0x00000000c3f00000, 0x00000000c3f00000, 0x00000000c4000000|  0%| F|  |TS  0|AC  0|TAMS 0x00000000c3f00000, 0x00000000c3f00000|
|  24|0x00000000c4000000, 0x00000000c4000000, 0x00000000c4100000|  0%| F|  |TS  0|AC  0|TAMS 0x00000000c4000000, 0x00000000c4000000|

Card table byte_map: [0x0000021e27130000,0x0000021e27320000] byte_map_base: 0x0000021e26b1c000

Marking Bits (Prev, Next): (CMBitMap*) 0x0000021e0b7a1e50, (CMBitMap*) 0x0000021e0b7a1e88
 Prev Bits: [0x0000021e27510000, 0x0000021e28470000)
 Next Bits: [0x0000021e28470000, 0x0000021e293d0000)

Polling page: 0x0000021e0b670000

CodeHeap 'non-profiled nmethods': size=120064Kb used=492Kb max_used=492Kb free=119571Kb
 bounds [0x0000021e1f2c0000, 0x0000021e1f530000, 0x0000021e26800000]
CodeHeap 'profiled nmethods': size=120000Kb used=2727Kb max_used=2727Kb free=117272Kb
 bounds [0x0000021e17d90000, 0x0000021e18040000, 0x0000021e1f2c0000]
CodeHeap 'non-nmethods': size=5696Kb used=1229Kb max_used=1243Kb free=4466Kb
 bounds [0x0000021e17800000, 0x0000021e17a70000, 0x0000021e17d90000]
 total_blobs=1945 nmethods=1264 adapters=306
 compilation: enabled

Compilation events (10 events):
Event: 7.656 Thread 0x0000021e2c20c800 nmethod 1259 0x0000021e18038a90 code [0x0000021e18038c80, 0x0000021e18039138]
Event: 7.657 Thread 0x0000021e2b918000 1260 %     4       java.util.jar.Manifest$FastInputStream::readLine @ 83 (167 bytes)
Event: 7.658 Thread 0x0000021e2c20c800 1261       3       java.util.HashSet::isEmpty (8 bytes)
Event: 7.659 Thread 0x0000021e2c20c800 nmethod 1261 0x0000021e18039310 code [0x0000021e180394c0, 0x0000021e18039758]
Event: 7.660 Thread 0x0000021e2b91c800 nmethod 1257 0x0000021e1f339590 code [0x0000021e1f339720, 0x0000021e1f339a18]
Event: 7.660 Thread 0x0000021e2b91c800 1262 %     4       java.lang.StringDecoderUTF8::decode @ 19 (768 bytes)
Event: 7.662 Thread 0x0000021e2c20c800 1264       3       sun.nio.fs.WindowsPath::<init> (26 bytes)
Event: 7.663 Thread 0x0000021e2c20c800 nmethod 1264 0x0000021e18039810 code [0x0000021e180399c0, 0x0000021e18039cf8]
Event: 7.663 Thread 0x0000021e2c20c800 1265       1       java.security.PermissionCollection::isReadOnly (5 bytes)
Event: 7.663 Thread 0x0000021e2c20c800 nmethod 1265 0x0000021e1f339c10 code [0x0000021e1f339dc0, 0x0000021e1f339ed8]

GC Heap History (4 events):
Event: 6.970 GC heap before
{Heap before GC invocations=0 (full 0):
 garbage-first heap   total 63488K, used 15360K [0x00000000c2800000, 0x00000000c29001f0, 0x0000000100000000)
  region size 1024K, 14 young (14336K), 0 survivors (0K)
 Metaspace       used 8555K, capacity 8690K, committed 8832K, reserved 1056768K
  class space    used 751K, capacity 805K, committed 896K, reserved 1048576K
}
Event: 6.977 GC heap after
{Heap after GC invocations=1 (full 0):
 garbage-first heap   total 63488K, used 6387K [0x00000000c2800000, 0x00000000c29001f0, 0x0000000100000000)
  region size 1024K, 2 young (2048K), 2 survivors (2048K)
 Metaspace       used 8555K, capacity 8690K, committed 8832K, reserved 1056768K
  class space    used 751K, capacity 805K, committed 896K, reserved 1048576K
}
Event: 7.270 GC heap before
{Heap before GC invocations=1 (full 0):
 garbage-first heap   total 63488K, used 14579K [0x00000000c2800000, 0x00000000c29001f0, 0x0000000100000000)
  region size 1024K, 10 young (10240K), 2 survivors (2048K)
 Metaspace       used 10074K, capacity 10282K, committed 10496K, reserved 1058816K
  class space    used 939K, capacity 995K, committed 1024K, reserved 1048576K
}
Event: 7.278 GC heap after
{Heap after GC invocations=2 (full 0):
 garbage-first heap   total 63488K, used 7567K [0x00000000c2800000, 0x00000000c29001f0, 0x0000000100000000)
  region size 1024K, 2 young (2048K), 2 survivors (2048K)
 Metaspace       used 10074K, capacity 10282K, committed 10496K, reserved 1058816K
  class space    used 939K, capacity 995K, committed 1024K, reserved 1048576K
}

Deoptimization events (10 events):
Event: 7.031 Thread 0x0000021e0b741000 Uncommon trap: reason=bimorphic_or_optimized_type_check action=maybe_recompile pc=0x0000021e1f308a24 method=java.util.HashMap.getNode(ILjava/lang/Object;)Ljava/util/HashMap$Node; @ 59 c2
Event: 7.033 Thread 0x0000021e0b741000 Uncommon trap: reason=bimorphic_or_optimized_type_check action=maybe_recompile pc=0x0000021e1f308a24 method=java.util.HashMap.getNode(ILjava/lang/Object;)Ljava/util/HashMap$Node; @ 59 c2
Event: 7.178 Thread 0x0000021e0b741000 Uncommon trap: reason=unstable_if action=reinterpret pc=0x0000021e1f3117e8 method=java.util.HashMap.getNode(ILjava/lang/Object;)Ljava/util/HashMap$Node; @ 62 c2
Event: 7.178 Thread 0x0000021e0b741000 Uncommon trap: reason=class_check action=maybe_recompile pc=0x0000021e1f303c94 method=java.util.HashMap.putVal(ILjava/lang/Object;Ljava/lang/Object;ZZ)Ljava/lang/Object; @ 91 c2
Event: 7.178 Thread 0x0000021e0b741000 Uncommon trap: reason=class_check action=maybe_recompile pc=0x0000021e1f303c94 method=java.util.HashMap.putVal(ILjava/lang/Object;Ljava/lang/Object;ZZ)Ljava/lang/Object; @ 91 c2
Event: 7.178 Thread 0x0000021e0b741000 Uncommon trap: reason=class_check action=maybe_recompile pc=0x0000021e1f303c94 method=java.util.HashMap.putVal(ILjava/lang/Object;Ljava/lang/Object;ZZ)Ljava/lang/Object; @ 91 c2
Event: 7.179 Thread 0x0000021e0b741000 Uncommon trap: reason=class_check action=maybe_recompile pc=0x0000021e1f303c94 method=java.util.HashMap.putVal(ILjava/lang/Object;Ljava/lang/Object;ZZ)Ljava/lang/Object; @ 91 c2
Event: 7.285 Thread 0x0000021e0b741000 Uncommon trap: reason=class_check action=maybe_recompile pc=0x0000021e1f315210 method=java.util.HashMap.putVal(ILjava/lang/Object;Ljava/lang/Object;ZZ)Ljava/lang/Object; @ 253 c2
Event: 7.602 Thread 0x0000021e2d279800 Uncommon trap: reason=unstable_if action=reinterpret pc=0x0000021e1f31aaf0 method=java.util.HashMap.hash(Ljava/lang/Object;)I @ 1 c2
Event: 7.603 Thread 0x0000021e2d279800 Uncommon trap: reason=unstable_if action=reinterpret pc=0x0000021e1f2ea02c method=java.util.HashMap.hash(Ljava/lang/Object;)I @ 1 c2

Classes redefined (0 events):
No events

Internal exceptions (10 events):
Event: 7.514 Thread 0x0000021e0b741000 Exception <a 'java/lang/NoSuchMethodError'{0x00000000c5b30e20}: method resolution failed> (0x00000000c5b30e20) thrown at [t:/workspace/hotspot/src/share/vm/prims/methodHandles.cpp, line 1256]
Event: 7.526 Thread 0x0000021e0b741000 Exception <a 'java/lang/NoSuchMethodError'{0x00000000c5b49370}: method resolution failed> (0x00000000c5b49370) thrown at [t:/workspace/hotspot/src/share/vm/prims/methodHandles.cpp, line 1256]
Event: 7.529 Thread 0x0000021e0b741000 Exception <a 'java/lang/NoSuchMethodError'{0x00000000c5b63740}: method resolution failed> (0x00000000c5b63740) thrown at [t:/workspace/hotspot/src/share/vm/prims/methodHandles.cpp, line 1256]
Event: 7.535 Thread 0x0000021e0b741000 Exception <a 'java/lang/NoSuchMethodError'{0x00000000c5b7f038}: method resolution failed> (0x00000000c5b7f038) thrown at [t:/workspace/hotspot/src/share/vm/prims/methodHandles.cpp, line 1256]
Event: 7.537 Thread 0x0000021e0b741000 Exception <a 'java/lang/NoSuchMethodError'{0x00000000c5ac27a8}: method resolution failed> (0x00000000c5ac27a8) thrown at [t:/workspace/hotspot/src/share/vm/prims/methodHandles.cpp, line 1256]
Event: 7.541 Thread 0x0000021e0b741000 Exception <a 'java/io/FileNotFoundException'{0x00000000c5ad0870}> (0x00000000c5ad0870) thrown at [t:/workspace/hotspot/src/share/vm/prims/jni.cpp, line 604]
Event: 7.602 Thread 0x0000021e2d279800 Implicit null exception at 0x0000021e1f31aa58 to 0x0000021e1f31aae6
Event: 7.603 Thread 0x0000021e2d279800 Implicit null exception at 0x0000021e1f2e9faf to 0x0000021e1f2ea01d
Event: 7.632 Thread 0x0000021e2d279800 Exception <a 'java/lang/NoClassDefFoundError'{0x00000000c58fee08}: javax/validation/Validation> (0x00000000c58fee08) thrown at [t:/workspace/hotspot/src/share/vm/classfile/systemDictionary.cpp, line 207]
Event: 7.649 Thread 0x0000021e2d279800 Exception <a 'java/lang/NoSuchMethodError'{0x00000000c57ed9d8}: method resolution failed> (0x00000000c57ed9d8) thrown at [t:/workspace/hotspot/src/share/vm/prims/methodHandles.cpp, line 1256]

Events (10 events):
Event: 7.658 loading class ch/qos/logback/core/spi/FilterReply
Event: 7.658 loading class ch/qos/logback/core/spi/FilterReply done
Event: 7.659 loading class org/springframework/boot/context/properties/source/ConfigurationPropertySources
Event: 7.659 loading class org/springframework/boot/context/properties/source/ConfigurationPropertySources done
Event: 7.659 loading class org/springframework/boot/context/properties/source/ConfigurationPropertySourcesPropertySource
Event: 7.659 loading class org/springframework/boot/context/properties/source/ConfigurationPropertySourcesPropertySource done
Event: 7.660 loading class org/springframework/boot/origin/OriginLookup
Event: 7.660 loading class org/springframework/boot/origin/OriginLookup done
Event: 7.665 loading class com/fasterxml/jackson/core/Versioned
Event: 7.665 loading class com/fasterxml/jackson/core/Versioned done


Dynamic libraries:
0x00007ff729250000 - 0x00007ff72928e000 	C:\Program Files\Java\jdk-9.0.1\bin\java.exe
0x00007ffedbb30000 - 0x00007ffedbd24000 	C:\WINDOWS\SYSTEM32\ntdll.dll
0x00007ffeda890000 - 0x00007ffeda94d000 	C:\WINDOWS\System32\KERNEL32.DLL
0x00007ffed9300000 - 0x00007ffed95c7000 	C:\WINDOWS\System32\KERNELBASE.dll
0x00007ffed9ec0000 - 0x00007ffed9f6a000 	C:\WINDOWS\System32\ADVAPI32.dll
0x00007ffedb1f0000 - 0x00007ffedb28e000 	C:\WINDOWS\System32\msvcrt.dll
0x00007ffedad50000 - 0x00007ffedadeb000 	C:\WINDOWS\System32\sechost.dll
0x00007ffed9bf0000 - 0x00007ffed9d13000 	C:\WINDOWS\System32\RPCRT4.dll
0x00007ffed9d20000 - 0x00007ffed9ec0000 	C:\WINDOWS\System32\USER32.dll
0x00007ffed9b40000 - 0x00007ffed9b62000 	C:\WINDOWS\System32\win32u.dll
0x00007ffedb1c0000 - 0x00007ffedb1ea000 	C:\WINDOWS\System32\GDI32.dll
0x00007ffed95d0000 - 0x00007ffed96d9000 	C:\WINDOWS\System32\gdi32full.dll
0x00007ffed9890000 - 0x00007ffed992d000 	C:\WINDOWS\System32\msvcp_win.dll
0x00007ffed99e0000 - 0x00007ffed9ae0000 	C:\WINDOWS\System32\ucrtbase.dll
0x00007ffec6980000 - 0x00007ffec6c1a000 	C:\WINDOWS\WinSxS\amd64_microsoft.windows.common-controls_6595b64144ccf1df_6.0.19041.1_none_b555e41d4684ddec\COMCTL32.dll
0x00007ffed04e0000 - 0x00007ffed04ea000 	C:\WINDOWS\SYSTEM32\VERSION.dll
0x00007ffed9ba0000 - 0x00007ffed9bd0000 	C:\WINDOWS\System32\IMM32.DLL
0x00007ffeacec0000 - 0x00007ffeacfaf000 	C:\Program Files\Java\jdk-9.0.1\bin\msvcr120.dll
0x00007ffeaa9e0000 - 0x00007ffeaaa86000 	C:\Program Files\Java\jdk-9.0.1\bin\msvcp120.dll
0x0000000058ff0000 - 0x0000000059a14000 	C:\Program Files\Java\jdk-9.0.1\bin\server\jvm.dll
0x00007ffedaf30000 - 0x00007ffedaf38000 	C:\WINDOWS\System32\PSAPI.DLL
0x00007ffec98f0000 - 0x00007ffec98f9000 	C:\WINDOWS\SYSTEM32\WSOCK32.dll
0x00007ffec98c0000 - 0x00007ffec98e7000 	C:\WINDOWS\SYSTEM32\WINMM.dll
0x00007ffedaab0000 - 0x00007ffedab1b000 	C:\WINDOWS\System32\WS2_32.dll
0x00007ffed3b90000 - 0x00007ffed3b9f000 	C:\Program Files\Java\jdk-9.0.1\bin\verify.dll
0x00007ffec66e0000 - 0x00007ffec6707000 	C:\Program Files\Java\jdk-9.0.1\bin\java.dll
0x00007ffebf540000 - 0x00007ffebf576000 	C:\Program Files\Java\jdk-9.0.1\bin\jdwp.dll
0x00007ffed3750000 - 0x00007ffed3766000 	C:\Program Files\Java\jdk-9.0.1\bin\zip.dll
0x00007ffed3410000 - 0x00007ffed341a000 	C:\Program Files\Java\jdk-9.0.1\bin\jimage.dll
0x00007ffedb3b0000 - 0x00007ffedbae1000 	C:\WINDOWS\System32\SHELL32.dll
0x00007ffed7210000 - 0x00007ffed799a000 	C:\WINDOWS\SYSTEM32\windows.storage.dll
0x00007ffeda030000 - 0x00007ffeda384000 	C:\WINDOWS\System32\combase.dll
0x00007ffed8d00000 - 0x00007ffed8d2b000 	C:\WINDOWS\SYSTEM32\Wldp.dll
0x00007ffedb290000 - 0x00007ffedb33e000 	C:\WINDOWS\System32\SHCORE.dll
0x00007ffed9f70000 - 0x00007ffed9fc5000 	C:\WINDOWS\System32\shlwapi.dll
0x00007ffed91c0000 - 0x00007ffed91df000 	C:\WINDOWS\SYSTEM32\profapi.dll
0x00007ffec6d80000 - 0x00007ffec6d9a000 	C:\Program Files\Java\jdk-9.0.1\bin\net.dll
0x00007ffed8340000 - 0x00007ffed8440000 	C:\WINDOWS\SYSTEM32\WINHTTP.dll
0x00007ffed8a80000 - 0x00007ffed8aea000 	C:\WINDOWS\system32\mswsock.dll
0x00007ffec6420000 - 0x00007ffec6431000 	C:\Program Files\Java\jdk-9.0.1\bin\nio.dll
0x00007ffed18c0000 - 0x00007ffed18ca000 	C:\Program Files\Java\jdk-9.0.1\bin\dt_socket.dll
0x00007ffed8770000 - 0x00007ffed883a000 	C:\WINDOWS\SYSTEM32\DNSAPI.dll
0x00007ffed8720000 - 0x00007ffed875b000 	C:\WINDOWS\SYSTEM32\IPHLPAPI.DLL
0x00007ffedb340000 - 0x00007ffedb349000 	C:\WINDOWS\System32\NSI.dll
0x00007ffed4170000 - 0x00007ffed41ef000 	C:\WINDOWS\System32\fwpuclnt.dll
0x00007ffed9b70000 - 0x00007ffed9b97000 	C:\WINDOWS\System32\bcrypt.dll
0x00007ffed9280000 - 0x00007ffed92ff000 	C:\WINDOWS\System32\bcryptPrimitives.dll
0x00007ffed0c00000 - 0x00007ffed0c0a000 	C:\Windows\System32\rasadhlp.dll

VM Arguments:
jvm_args: -agentlib:jdwp=transport=dt_socket,server=n,suspend=y,address=59859 -Dfile.encoding=windows-1252 -Duser.country=IN -Duser.language=en -Duser.variant 
java_command: com.ns.bank.BankApplication
java_class_path (initial): D:\Project-27-7-2020\BankApplication\build\classes\java\main;D:\Project-27-7-2020\BankApplication\build\resources\main;C:\Users\sbejjanki\.gradle\caches\modules-2\files-2.1\javax.xml.bind\jaxb-api\2.3.1\8531ad5ac454cc2deb9d4d32c40c4d7451939b5d\jaxb-api-2.3.1.jar;C:\Users\sbejjanki\.gradle\caches\modules-2\files-2.1\io.jsonwebtoken\jjwt-impl\0.11.1\eb75cfae1584487e95aa30ce4d7eccaaba9a3b00\jjwt-impl-0.11.1.jar;C:\Users\sbejjanki\.gradle\caches\modules-2\files-2.1\io.jsonwebtoken\jjwt-jackson\0.11.1\7ada66a6c6e3e8f23654c3f57589150ba17a65db\jjwt-jackson-0.11.1.jar;C:\Users\sbejjanki\.gradle\caches\modules-2\files-2.1\io.jsonwebtoken\jjwt-api\0.11.1\4a94011bfb3021579c93274fa12533b17b9326c0\jjwt-api-0.11.1.jar;C:\Users\sbejjanki\.gradle\caches\modules-2\files-2.1\com.sun.xml.security\xml-security-impl\1.0\942c8022b064e4cdc93df36dd6353111d7122281\xml-security-impl-1.0.jar;C:\Users\sbejjanki\.gradle\caches\modules-2\files-2.1\org.springframework.boot\spring-boot-starter-data-jpa\2.3.2.RELEASE\bff2a17cb69019d2aeca4bd06c7854092d5e903d\spring-boot-starter-data-jpa-2.3.2.RELEASE.jar;C:\Users\sbejjanki\.gradle\caches\modules-2\files-2.1\org.springframework.boot\spring-boot-starter-web\2.3.2.RELEASE\85f79121fdaabcbcac085d0d4aad34af9f8dbba2\spring-boot-starter-web-2.3.2.RELEASE.jar;C:\Users\sbejjanki\.gradle\caches\modules-2\files-2.1\mysql\mysql-connector-java\8.0.21\53fd3a0887667aae7e40a3439fff2d03d93ec4c2\mysql-connector-java-8.0.21.jar;C:\Users\sbejjanki\.gradle\caches\modules-2\files-2.1\javax.activation\javax.activation-api\1.2.0\85262acf3ca9816f9537ca47d5adeabaead7cb16\javax.activation-api-1.2.0.jar;C:\Users\sbejjanki\.gradle\caches\modules-2\files-2.1\org.springframework.boot\spring-boot-starter-aop\2.3.2.RELEASE\2dc78fa68cb593efd28cb90ca036fcc4dc0e47ca\spring-boot-starter-aop-2.3.2.RELEASE.jar;C:\Users\sbejjanki\.gradle\caches\modules-2\files-2.1\org.springframework.boot\spring-boot-starter-jdbc\2.3.2.RELEASE\72af48a90fb034c795fb98fe5e3ba8d194
Launcher Type: SUN_STANDARD

Logging:
Log output configuration:
#0: stdout all=warning uptime,level,tags
#1: stderr all=off uptime,level,tags

Environment Variables:
JAVA_HOME=C:\Program Files\Java\jdk-9.0.1
PATH=C:\Python27\;C:\Python27\Scripts;C:\ProgramData\Oracle\Java\javapath;C:\WINDOWS\system32;C:\WINDOWS;C:\WINDOWS\System32\Wbem;C:\WINDOWS\System32\WindowsPowerShell\v1.0\;C:\WINDOWS\System32\OpenSSH\;C:\Program Files\Java\jdk-9.0.1\bin;C:\Program Files\Microsoft VS Code\bin;C:\ProgramData\chocolatey\bin;C:\Users\sbejjanki\Downloads\apache-maven-3.6.3\bin;C:\Users\sbejjanki\Downloads\spring-2.2.5.RELEASE\bin;C:\Program Files\nodejs\;C:\Program Files\Git\cmd;C:\Users\sbejjanki\Downloads\gradle-6.4.1\bin;C:\Program Files\Java\jdk1.8.0_251\bin;C:\Users\sbejjanki\AppData\Local\Microsoft\WindowsApps;C:\Users\sbejjanki\AppData\Roaming\npm;
USERNAME=sbejjanki
OS=Windows_NT
PROCESSOR_IDENTIFIER=Intel64 Family 6 Model 142 Stepping 10, GenuineIntel



---------------  S Y S T E M  ---------------

OS: Windows 10 , 64 bit Build 19041 (10.0.19041.207)

CPU:total 4 (initial active 4) (2 cores per cpu, 2 threads per core) family 6 model 142 stepping 10, cmov, cx8, fxsr, mmx, sse, sse2, sse3, ssse3, sse4.1, sse4.2, popcnt, avx, avx2, aes, clmul, erms, 3dnowpref, lzcnt, ht, tsc, tscinvbit, bmi1, bmi2, adx, fma

Memory: 4k page, physical 4022668k(189524k free), swap 16605580k(36224k free)

vm_info: Java HotSpot(TM) 64-Bit Server VM (9.0.1+11) for windows-amd64 JRE (9.0.1+11), built on Sep 28 2017 04:54:03 by "mach5one" with MS VC++ 12.0 (VS2013)

END.
